FilePath	LastWriteTime	AlignFrom	AlignTime	Result	Message
\\personalcloud.local\Public\Miki iPad\相機膠捲\IMG_0021.JPG	2016-10-11 23:26:52	None	None	None	
\\personalcloud.local\Public\Miki iPad\相機膠捲\IMG_0022.JPG	2016-10-11 23:26:52	System.Photo.DateTaken	2012-03-16 19:55:04	Success	
\\personalcloud.local\Public\Miki iPad\相機膠捲\IMG_0023.JPG	2016-10-11 23:26:52	System.Photo.DateTaken	2012-03-16 19:55:14	Success	
\\personalcloud.local\Public\Miki iPad\相機膠捲\IMG_0024.JPG	2016-10-11 23:26:52	System.Photo.DateTaken	2012-03-16 19:55:21	Success	
\\personalcloud.local\Public\Miki iPad\相機膠捲\IMG_0025.JPG	2016-10-11 23:26:52	None	None	None	
\\personalcloud.local\Public\Miki iPad\相機膠捲\IMG_0027.JPG	2016-10-11 23:26:52	System.Photo.DateTaken	2012-03-16 20:30:36	Success	
\\personalcloud.local\Public\Miki iPad\相機膠捲\IMG_0028.JPG	2016-10-11 23:26:52	None	None	None	
\\personalcloud.local\Public\Miki iPad\相機膠捲\IMG_0029.JPG	2016-10-11 23:26:52	System.Photo.DateTaken	2012-03-19 18:03:57	Success	
\\personalcloud.local\Public\Miki iPad\相機膠捲\IMG_0037.JPG	2016-10-11 23:26:51	System.Photo.DateTaken	2012-03-19 18:54:28	Success	
\\personalcloud.local\Public\Miki iPad\相機膠捲\IMG_0041.JPG	2016-10-11 23:26:51	System.Photo.DateTaken	2012-03-19 18:54:54	Success	
\\personalcloud.local\Public\Miki iPad\相機膠捲\IMG_0052.JPG	2016-10-11 23:26:51	System.Photo.DateTaken	2012-03-19 19:00:15	Success	
\\personalcloud.local\Public\Miki iPad\相機膠捲\IMG_0054.JPG	2016-10-11 23:26:51	None	None	None	
\\personalcloud.local\Public\Miki iPad\相機膠捲\IMG_0127.JPG	2016-10-11 23:26:51	System.Photo.DateTaken	2012-03-31 09:31:40	Success	
\\personalcloud.local\Public\Miki iPad\相機膠捲\IMG_0128.JPG	2016-10-11 23:26:51	System.Photo.DateTaken	2012-03-31 09:31:57	Success	
\\personalcloud.local\Public\Miki iPad\相機膠捲\IMG_0129.JPG	2016-10-11 23:26:51	System.Photo.DateTaken	2012-03-31 09:32:08	Success	
\\personalcloud.local\Public\Miki iPad\相機膠捲\IMG_0130.JPG	2016-10-11 23:26:51	System.Photo.DateTaken	2012-03-31 09:32:34	Success	
\\personalcloud.local\Public\Miki iPad\相機膠捲\IMG_0131.JPG	2016-10-11 23:26:51	System.Photo.DateTaken	2012-03-31 09:32:43	Success	
\\personalcloud.local\Public\Miki iPad\相機膠捲\IMG_0132.JPG	2016-10-11 23:26:51	System.Photo.DateTaken	2012-03-31 09:33:09	Success	
\\personalcloud.local\Public\Miki iPad\相機膠捲\IMG_0133.JPG	2016-10-11 23:26:51	System.Photo.DateTaken	2012-03-31 09:44:31	Success	
\\personalcloud.local\Public\Miki iPad\相機膠捲\IMG_0134.JPG	2016-10-11 23:26:51	System.Photo.DateTaken	2012-03-31 09:44:36	Success	
\\personalcloud.local\Public\Miki iPad\相機膠捲\IMG_0135.JPG	2016-10-11 23:26:51	System.Photo.DateTaken	2012-03-31 09:44:59	Success	
\\personalcloud.local\Public\Miki iPad\相機膠捲\IMG_0136.JPG	2016-10-11 23:26:51	System.Photo.DateTaken	2012-03-31 09:45:14	Success	
\\personalcloud.local\Public\Miki iPad\相機膠捲\IMG_0137.JPG	2016-10-11 23:26:51	System.Photo.DateTaken	2012-03-31 09:45:24	Success	
\\personalcloud.local\Public\Miki iPad\相機膠捲\IMG_0138.JPG	2016-10-11 23:26:51	System.Photo.DateTaken	2012-03-31 09:47:05	Success	
\\personalcloud.local\Public\Miki iPad\相機膠捲\IMG_0140.JPG	2016-10-11 23:26:51	System.Photo.DateTaken	2012-03-31 09:47:27	Success	
\\personalcloud.local\Public\Miki iPad\相機膠捲\IMG_0141.JPG	2016-10-11 23:26:51	System.Photo.DateTaken	2012-03-31 09:47:47	Success	
\\personalcloud.local\Public\Miki iPad\相機膠捲\IMG_0142.JPG	2016-10-11 23:26:51	System.Photo.DateTaken	2012-03-31 09:47:48	Success	
\\personalcloud.local\Public\Miki iPad\相機膠捲\IMG_0143.JPG	2016-10-11 23:26:51	System.Photo.DateTaken	2012-03-31 09:48:15	Success	
\\personalcloud.local\Public\Miki iPad\相機膠捲\IMG_0144.JPG	2016-10-11 23:26:51	System.Photo.DateTaken	2012-03-31 09:48:26	Success	
\\personalcloud.local\Public\Miki iPad\相機膠捲\IMG_0145.JPG	2016-10-11 23:26:51	System.Photo.DateTaken	2012-03-31 10:46:56	Success	
\\personalcloud.local\Public\Miki iPad\相機膠捲\IMG_0146.JPG	2016-10-11 23:26:51	System.Photo.DateTaken	2012-03-31 10:47:07	Success	
\\personalcloud.local\Public\Miki iPad\相機膠捲\IMG_0147.JPG	2016-10-11 23:26:51	System.Photo.DateTaken	2012-03-31 10:47:13	Success	
\\personalcloud.local\Public\Miki iPad\相機膠捲\IMG_0148.JPG	2016-10-11 23:26:50	System.Photo.DateTaken	2012-03-31 10:47:41	Success	
\\personalcloud.local\Public\Miki iPad\相機膠捲\IMG_0149.JPG	2016-10-11 23:26:50	System.Photo.DateTaken	2012-03-31 10:47:44	Success	
\\personalcloud.local\Public\Miki iPad\相機膠捲\IMG_0150.JPG	2016-10-11 23:26:50	System.Photo.DateTaken	2012-03-31 10:48:09	Success	
\\personalcloud.local\Public\Miki iPad\相機膠捲\IMG_0151.JPG	2016-10-11 23:26:50	System.Photo.DateTaken	2012-03-31 10:48:11	Success	
\\personalcloud.local\Public\Miki iPad\相機膠捲\IMG_0152.JPG	2016-10-11 23:26:50	System.Photo.DateTaken	2012-03-31 10:48:43	Success	
\\personalcloud.local\Public\Miki iPad\相機膠捲\IMG_0153.JPG	2016-10-11 23:26:50	System.Photo.DateTaken	2012-03-31 10:48:59	Success	
\\personalcloud.local\Public\Miki iPad\相機膠捲\IMG_0159.JPG	2016-10-11 23:26:50	System.Photo.DateTaken	2012-04-02 13:07:10	Success	
\\personalcloud.local\Public\Miki iPad\相機膠捲\IMG_0160.JPG	2016-10-11 23:26:50	System.Photo.DateTaken	2012-04-02 13:07:13	Success	
\\personalcloud.local\Public\Miki iPad\相機膠捲\IMG_0161.JPG	2016-10-11 23:26:50	System.Photo.DateTaken	2012-04-02 13:07:34	Success	
\\personalcloud.local\Public\Miki iPad\相機膠捲\IMG_0164.JPG	2016-10-11 23:26:50	None	None	None	
\\personalcloud.local\Public\Miki iPad\相機膠捲\IMG_0165.JPG	2016-10-11 23:26:50	System.Photo.DateTaken	2012-04-02 15:12:48	Success	
\\personalcloud.local\Public\Miki iPad\相機膠捲\IMG_0166.JPG	2016-10-11 23:26:50	System.Photo.DateTaken	2012-04-02 15:12:50	Success	
\\personalcloud.local\Public\Miki iPad\相機膠捲\IMG_0167.JPG	2016-10-11 23:26:50	System.Photo.DateTaken	2012-04-02 15:12:56	Success	
\\personalcloud.local\Public\Miki iPad\相機膠捲\IMG_0180.JPG	2016-10-11 23:26:50	System.Photo.DateTaken	2012-05-04 21:24:33	Success	
\\personalcloud.local\Public\Miki iPad\相機膠捲\IMG_0181.JPG	2016-10-11 23:26:50	System.Photo.DateTaken	2012-05-04 21:24:42	Success	
\\personalcloud.local\Public\Miki iPad\相機膠捲\IMG_0182.JPG	2016-10-11 23:26:50	System.Photo.DateTaken	2012-05-04 21:24:56	Success	
\\personalcloud.local\Public\Miki iPad\相機膠捲\IMG_0183.JPG	2016-10-11 23:26:50	System.Photo.DateTaken	2012-05-04 21:25:26	Success	
\\personalcloud.local\Public\Miki iPad\相機膠捲\IMG_0185.JPG	2016-10-11 23:26:50	System.Photo.DateTaken	2012-05-10 19:53:05	Success	
\\personalcloud.local\Public\Miki iPad\相機膠捲\IMG_0187.JPG	2016-10-11 23:26:49	System.Photo.DateTaken	2012-05-10 19:55:30	Success	
\\personalcloud.local\Public\Miki iPad\相機膠捲\IMG_0188.JPG	2016-10-11 23:26:49	System.Photo.DateTaken	2012-05-10 19:55:37	Success	
\\personalcloud.local\Public\Miki iPad\相機膠捲\IMG_0189.JPG	2016-10-11 23:26:49	System.Photo.DateTaken	2012-05-10 19:55:40	Success	
\\personalcloud.local\Public\Miki iPad\相機膠捲\IMG_0190.JPG	2016-10-11 23:26:49	System.Photo.DateTaken	2012-05-11 19:10:06	Success	
\\personalcloud.local\Public\Miki iPad\相機膠捲\IMG_0191.JPG	2016-10-11 23:26:49	System.Photo.DateTaken	2012-05-11 19:10:10	Success	
\\personalcloud.local\Public\Miki iPad\相機膠捲\IMG_0193.JPG	2016-10-11 23:26:49	System.Photo.DateTaken	2012-05-11 19:10:17	Success	
\\personalcloud.local\Public\Miki iPad\相機膠捲\IMG_0194.JPG	2016-10-11 23:26:49	System.Photo.DateTaken	2012-05-11 19:10:17	Success	
\\personalcloud.local\Public\Miki iPad\相機膠捲\IMG_0195.JPG	2016-10-11 23:26:49	System.Photo.DateTaken	2012-05-11 19:10:36	Success	
\\personalcloud.local\Public\Miki iPad\相機膠捲\IMG_0196.JPG	2016-10-11 23:26:49	System.Photo.DateTaken	2012-05-11 19:11:19	Success	
\\personalcloud.local\Public\Miki iPad\相機膠捲\IMG_0197.JPG	2016-10-11 23:26:49	System.Photo.DateTaken	2012-05-11 21:49:03	Success	
\\personalcloud.local\Public\Miki iPad\相機膠捲\IMG_0198.JPG	2016-10-11 23:26:49	System.Photo.DateTaken	2012-05-11 21:49:35	Success	
\\personalcloud.local\Public\Miki iPad\相機膠捲\IMG_0199.JPG	2016-10-11 23:26:49	System.Photo.DateTaken	2012-05-11 21:49:45	Success	
\\personalcloud.local\Public\Miki iPad\相機膠捲\IMG_0200.JPG	2016-10-11 23:26:49	None	None	None	
\\personalcloud.local\Public\Miki iPad\相機膠捲\IMG_0201.JPG	2016-10-11 23:26:49	None	None	None	
\\personalcloud.local\Public\Miki iPad\相機膠捲\IMG_0203.JPG	2016-10-11 23:26:49	System.Photo.DateTaken	2012-05-14 20:15:29	Success	
\\personalcloud.local\Public\Miki iPad\相機膠捲\IMG_0207.JPG	2016-10-11 23:26:49	None	None	None	
\\personalcloud.local\Public\Miki iPad\相機膠捲\IMG_0209.JPG	2016-10-11 23:26:49	None	None	None	
\\personalcloud.local\Public\Miki iPad\相機膠捲\IMG_0210.JPG	2016-10-11 23:26:48	None	None	None	
\\personalcloud.local\Public\Miki iPad\相機膠捲\IMG_0212.JPG	2016-10-11 23:26:48	None	None	None	
\\personalcloud.local\Public\Miki iPad\相機膠捲\IMG_0215.JPG	2016-10-11 23:26:48	None	None	None	
\\personalcloud.local\Public\Miki iPad\相機膠捲\IMG_0216.JPG	2016-10-11 23:26:48	None	None	None	
\\personalcloud.local\Public\Miki iPad\相機膠捲\IMG_0217.JPG	2016-10-11 23:26:48	System.Photo.DateTaken	2012-06-10 20:41:53	Success	
\\personalcloud.local\Public\Miki iPad\相機膠捲\IMG_0218.JPG	2016-10-11 23:26:48	System.Photo.DateTaken	2012-06-10 20:47:43	Success	
\\personalcloud.local\Public\Miki iPad\相機膠捲\IMG_0219.JPG	2016-10-11 23:26:48	System.Photo.DateTaken	2012-06-10 20:47:52	Success	
\\personalcloud.local\Public\Miki iPad\相機膠捲\IMG_0220.JPG	2016-10-11 23:26:48	System.Photo.DateTaken	2012-06-10 20:48:00	Success	
\\personalcloud.local\Public\Miki iPad\相機膠捲\IMG_0221.JPG	2016-10-11 23:26:48	System.Photo.DateTaken	2012-06-10 20:48:06	Success	
\\personalcloud.local\Public\Miki iPad\相機膠捲\IMG_0222.JPG	2016-10-11 23:26:48	None	None	None	
\\personalcloud.local\Public\Miki iPad\相機膠捲\IMG_0223.JPG	2016-10-11 23:26:48	System.Photo.DateTaken	2012-06-12 08:00:47	Success	
\\personalcloud.local\Public\Miki iPad\相機膠捲\IMG_0224.JPG	2016-10-11 23:26:48	System.Photo.DateTaken	2012-06-12 08:00:51	Success	
\\personalcloud.local\Public\Miki iPad\相機膠捲\IMG_0225.JPG	2016-10-11 23:26:48	System.Photo.DateTaken	2012-06-12 08:00:58	Success	
\\personalcloud.local\Public\Miki iPad\相機膠捲\IMG_0226.JPG	2016-10-11 23:26:48	System.Photo.DateTaken	2012-06-12 08:01:11	Success	
\\personalcloud.local\Public\Miki iPad\相機膠捲\IMG_0227.JPG	2016-10-11 23:26:48	System.Photo.DateTaken	2012-06-12 08:01:33	Success	
\\personalcloud.local\Public\Miki iPad\相機膠捲\IMG_0228.JPG	2016-10-11 23:26:48	System.Photo.DateTaken	2012-06-12 08:02:04	Success	
\\personalcloud.local\Public\Miki iPad\相機膠捲\IMG_0229.JPG	2016-10-11 23:26:47	System.Photo.DateTaken	2012-06-12 13:14:11	Success	
\\personalcloud.local\Public\Miki iPad\相機膠捲\IMG_0230.JPG	2016-10-11 23:26:47	System.Photo.DateTaken	2012-06-12 13:14:18	Success	
\\personalcloud.local\Public\Miki iPad\相機膠捲\IMG_0231.JPG	2016-10-11 23:26:47	System.Photo.DateTaken	2012-06-12 13:14:25	Success	
\\personalcloud.local\Public\Miki iPad\相機膠捲\IMG_0232.JPG	2016-10-11 23:26:47	System.Photo.DateTaken	2012-06-12 13:14:30	Success	
\\personalcloud.local\Public\Miki iPad\相機膠捲\IMG_0233.JPG	2016-10-11 23:26:47	System.Photo.DateTaken	2012-06-12 13:14:33	Success	
\\personalcloud.local\Public\Miki iPad\相機膠捲\IMG_0234.JPG	2016-10-11 23:26:47	System.Photo.DateTaken	2012-06-12 13:14:40	Success	
\\personalcloud.local\Public\Miki iPad\相機膠捲\IMG_0235.JPG	2016-10-11 23:26:47	System.Photo.DateTaken	2012-06-12 13:14:47	Success	
\\personalcloud.local\Public\Miki iPad\相機膠捲\IMG_0236.JPG	2016-10-11 23:26:47	None	None	None	
\\personalcloud.local\Public\Miki iPad\相機膠捲\IMG_0237.JPG	2016-10-11 23:26:47	None	None	None	
\\personalcloud.local\Public\Miki iPad\相機膠捲\IMG_0238.JPG	2016-10-11 23:26:47	None	None	None	
\\personalcloud.local\Public\Miki iPad\相機膠捲\IMG_0239.JPG	2016-10-11 23:26:47	None	None	None	
\\personalcloud.local\Public\Miki iPad\相機膠捲\IMG_0240.JPG	2016-10-11 23:26:47	None	None	None	
\\personalcloud.local\Public\Miki iPad\相機膠捲\IMG_0242.JPG	2016-10-11 23:26:47	System.Photo.DateTaken	2012-06-20 21:56:14	Success	
\\personalcloud.local\Public\Miki iPad\相機膠捲\IMG_0243.JPG	2016-10-11 23:26:47	None	None	None	
\\personalcloud.local\Public\Miki iPad\相機膠捲\IMG_0244.JPG	2016-10-11 23:26:47	System.Photo.DateTaken	2012-06-20 22:37:00	Success	
\\personalcloud.local\Public\Miki iPad\相機膠捲\IMG_0246.JPG	2016-10-11 23:26:47	None	None	None	
\\personalcloud.local\Public\Miki iPad\相機膠捲\IMG_0247.JPG	2016-10-11 23:26:47	None	None	None	
\\personalcloud.local\Public\Miki iPad\相機膠捲\IMG_0249.JPG	2016-10-11 23:26:46	System.Photo.DateTaken	2012-06-22 18:53:37	Success	
\\personalcloud.local\Public\Miki iPad\相機膠捲\IMG_0250.JPG	2016-10-11 23:26:46	System.Photo.DateTaken	2012-06-22 18:53:40	Success	
\\personalcloud.local\Public\Miki iPad\相機膠捲\IMG_0251.JPG	2016-10-11 23:26:46	System.Photo.DateTaken	2012-06-22 18:53:42	Success	
\\personalcloud.local\Public\Miki iPad\相機膠捲\IMG_0252.JPG	2016-10-11 23:26:46	System.Photo.DateTaken	2012-06-22 18:55:47	Success	
\\personalcloud.local\Public\Miki iPad\相機膠捲\IMG_0253.JPG	2016-10-11 23:26:46	System.Photo.DateTaken	2012-06-22 18:55:49	Success	
\\personalcloud.local\Public\Miki iPad\相機膠捲\IMG_0254.JPG	2016-10-11 23:26:46	System.Photo.DateTaken	2012-06-22 18:55:52	Success	
\\personalcloud.local\Public\Miki iPad\相機膠捲\IMG_0258.JPG	2016-10-11 23:26:46	System.Photo.DateTaken	2012-06-23 11:19:57	Success	
\\personalcloud.local\Public\Miki iPad\相機膠捲\IMG_0259.JPG	2016-10-11 23:26:46	System.Photo.DateTaken	2012-06-23 19:12:53	Success	
\\personalcloud.local\Public\Miki iPad\相機膠捲\IMG_0260.JPG	2016-10-11 23:26:46	System.Photo.DateTaken	2012-06-23 19:12:57	Success	
\\personalcloud.local\Public\Miki iPad\相機膠捲\IMG_0261.JPG	2016-10-11 23:26:46	System.Photo.DateTaken	2012-06-23 19:13:20	Success	
\\personalcloud.local\Public\Miki iPad\相機膠捲\IMG_0262.JPG	2016-10-11 23:26:46	System.Photo.DateTaken	2012-06-23 19:13:23	Success	
\\personalcloud.local\Public\Miki iPad\相機膠捲\IMG_0263.JPG	2016-10-11 23:26:46	System.Photo.DateTaken	2012-06-24 11:21:38	Success	
\\personalcloud.local\Public\Miki iPad\相機膠捲\IMG_0265.JPG	2016-10-11 23:26:46	None	None	None	
\\personalcloud.local\Public\Miki iPad\相機膠捲\IMG_0276.JPG	2016-10-11 23:26:46	System.Photo.DateTaken	2012-06-30 13:01:20	Success	
\\personalcloud.local\Public\Miki iPad\相機膠捲\IMG_0283.JPG	2016-10-11 23:26:46	System.Photo.DateTaken	2012-06-30 13:20:39	Success	
\\personalcloud.local\Public\Miki iPad\相機膠捲\IMG_0284.JPG	2016-10-11 23:26:46	System.Photo.DateTaken	2012-06-30 14:15:56	Success	
\\personalcloud.local\Public\Miki iPad\相機膠捲\IMG_0285.JPG	2016-10-11 23:26:46	System.Photo.DateTaken	2012-06-30 14:16:12	Success	
\\personalcloud.local\Public\Miki iPad\相機膠捲\IMG_0286.JPG	2016-10-11 23:26:45	System.Photo.DateTaken	2012-06-30 14:16:30	Success	
\\personalcloud.local\Public\Miki iPad\相機膠捲\IMG_0287.JPG	2016-10-11 23:26:45	System.Photo.DateTaken	2012-06-30 14:16:42	Success	
\\personalcloud.local\Public\Miki iPad\相機膠捲\IMG_0288.JPG	2016-10-11 23:26:45	System.Photo.DateTaken	2012-06-30 14:16:44	Success	
\\personalcloud.local\Public\Miki iPad\相機膠捲\IMG_0289.JPG	2016-10-11 23:26:45	System.Photo.DateTaken	2012-06-30 14:16:58	Success	
\\personalcloud.local\Public\Miki iPad\相機膠捲\IMG_0290.JPG	2016-10-11 23:26:45	System.Photo.DateTaken	2012-06-30 14:16:59	Success	
\\personalcloud.local\Public\Miki iPad\相機膠捲\IMG_0294.JPG	2016-10-11 23:26:45	None	None	None	
\\personalcloud.local\Public\Miki iPad\相機膠捲\IMG_0296.JPG	2016-10-11 23:26:45	System.Photo.DateTaken	2012-07-07 19:37:48	Success	
\\personalcloud.local\Public\Miki iPad\相機膠捲\IMG_0298.JPG	2016-10-11 23:26:45	System.Photo.DateTaken	2012-07-07 21:43:10	Success	
\\personalcloud.local\Public\Miki iPad\相機膠捲\IMG_0305.JPG	2016-10-11 23:26:45	System.Photo.DateTaken	2012-07-17 14:17:27	Success	
\\personalcloud.local\Public\Miki iPad\相機膠捲\IMG_0308.JPG	2016-10-11 23:26:45	System.Photo.DateTaken	2012-07-17 15:53:10	Success	
\\personalcloud.local\Public\Miki iPad\相機膠捲\IMG_0309.JPG	2016-10-11 23:26:45	System.Photo.DateTaken	2012-07-20 17:58:53	Success	
\\personalcloud.local\Public\Miki iPad\相機膠捲\IMG_0311.JPG	2016-10-11 23:26:45	System.Photo.DateTaken	2012-07-20 17:59:01	Success	
\\personalcloud.local\Public\Miki iPad\相機膠捲\IMG_0313.JPG	2016-10-11 23:26:45	System.Photo.DateTaken	2012-07-22 16:41:55	Success	
\\personalcloud.local\Public\Miki iPad\相機膠捲\IMG_0315.JPG	2016-10-11 23:26:45	System.Photo.DateTaken	2012-07-25 08:54:51	Success	
\\personalcloud.local\Public\Miki iPad\相機膠捲\IMG_0316.JPG	2016-10-11 23:26:45	System.Photo.DateTaken	2012-07-25 08:54:57	Success	
\\personalcloud.local\Public\Miki iPad\相機膠捲\IMG_0317.JPG	2016-10-11 23:26:45	System.Photo.DateTaken	2012-07-25 08:55:16	Success	
\\personalcloud.local\Public\Miki iPad\相機膠捲\IMG_0318.JPG	2016-10-11 23:26:45	System.Photo.DateTaken	2012-07-25 08:55:18	Success	
\\personalcloud.local\Public\Miki iPad\相機膠捲\IMG_0320.JPG	2016-10-11 23:26:45	System.Photo.DateTaken	2012-07-25 10:00:43	Success	
\\personalcloud.local\Public\Miki iPad\相機膠捲\IMG_0322.JPG	2016-10-11 23:26:45	None	None	None	
\\personalcloud.local\Public\Miki iPad\相機膠捲\IMG_0323.JPG	2016-10-11 23:26:45	System.Photo.DateTaken	2012-07-25 16:24:31	Success	
\\personalcloud.local\Public\Miki iPad\相機膠捲\IMG_0324.JPG	2016-10-11 23:26:45	System.Photo.DateTaken	2012-07-25 16:24:42	Success	
\\personalcloud.local\Public\Miki iPad\相機膠捲\IMG_0325.JPG	2016-10-11 23:26:45	System.Photo.DateTaken	2012-07-25 16:24:44	Success	
\\personalcloud.local\Public\Miki iPad\相機膠捲\IMG_0326.JPG	2016-10-11 23:26:45	System.Photo.DateTaken	2012-07-25 16:24:46	Success	
\\personalcloud.local\Public\Miki iPad\相機膠捲\IMG_0328.JPG	2016-10-11 23:26:45	System.Photo.DateTaken	2012-07-25 16:25:48	Success	
\\personalcloud.local\Public\Miki iPad\相機膠捲\IMG_0329.JPG	2016-10-11 23:26:45	System.Photo.DateTaken	2012-07-25 16:38:24	Success	
\\personalcloud.local\Public\Miki iPad\相機膠捲\IMG_0330.JPG	2016-10-11 23:26:45	System.Photo.DateTaken	2012-07-25 16:39:35	Success	
\\personalcloud.local\Public\Miki iPad\相機膠捲\IMG_0331.JPG	2016-10-11 23:26:45	System.Photo.DateTaken	2012-07-25 16:40:01	Success	
\\personalcloud.local\Public\Miki iPad\相機膠捲\IMG_0332.JPG	2016-10-11 23:26:45	System.Photo.DateTaken	2012-07-25 16:40:03	Success	
\\personalcloud.local\Public\Miki iPad\相機膠捲\IMG_0333.JPG	2016-10-11 23:26:45	System.Photo.DateTaken	2012-07-25 16:40:34	Success	
\\personalcloud.local\Public\Miki iPad\相機膠捲\IMG_0334.JPG	2016-10-11 23:26:45	System.Photo.DateTaken	2012-07-25 16:40:42	Success	
\\personalcloud.local\Public\Miki iPad\相機膠捲\IMG_0335.JPG	2016-10-11 23:26:44	System.Photo.DateTaken	2012-07-25 16:40:54	Success	
\\personalcloud.local\Public\Miki iPad\相機膠捲\IMG_0336.JPG	2016-10-11 23:26:44	System.Photo.DateTaken	2012-07-25 16:40:55	Success	
\\personalcloud.local\Public\Miki iPad\相機膠捲\IMG_0337.JPG	2016-10-11 23:26:44	System.Photo.DateTaken	2012-07-25 16:41:20	Success	
\\personalcloud.local\Public\Miki iPad\相機膠捲\IMG_0338.JPG	2016-10-11 23:26:44	System.Photo.DateTaken	2012-07-25 16:41:28	Success	
\\personalcloud.local\Public\Miki iPad\相機膠捲\IMG_0339.JPG	2016-10-11 23:26:44	System.Photo.DateTaken	2012-07-25 16:41:30	Success	
\\personalcloud.local\Public\Miki iPad\相機膠捲\IMG_0340.JPG	2016-10-11 23:26:44	System.Photo.DateTaken	2012-07-25 16:46:45	Success	
\\personalcloud.local\Public\Miki iPad\相機膠捲\IMG_0341.JPG	2016-10-11 23:26:44	System.Photo.DateTaken	2012-07-25 16:46:48	Success	
\\personalcloud.local\Public\Miki iPad\相機膠捲\IMG_0342.JPG	2016-10-11 23:26:44	System.Photo.DateTaken	2012-07-25 16:46:53	Success	
\\personalcloud.local\Public\Miki iPad\相機膠捲\IMG_0343.JPG	2016-10-11 23:26:44	System.Photo.DateTaken	2012-07-25 16:46:58	Success	
\\personalcloud.local\Public\Miki iPad\相機膠捲\IMG_0345.JPG	2016-10-11 23:26:44	System.Photo.DateTaken	2012-08-10 21:49:24	Success	
\\personalcloud.local\Public\Miki iPad\相機膠捲\IMG_0347.JPG	2016-10-11 23:26:44	System.Photo.DateTaken	2012-08-15 22:04:40	Success	
\\personalcloud.local\Public\Miki iPad\相機膠捲\IMG_0349.JPG	2016-10-11 23:26:44	System.Photo.DateTaken	2012-08-15 22:05:25	Success	
\\personalcloud.local\Public\Miki iPad\相機膠捲\IMG_0350.JPG	2016-10-11 23:26:44	System.Photo.DateTaken	2012-08-15 22:05:29	Success	
\\personalcloud.local\Public\Miki iPad\相機膠捲\IMG_0352.JPG	2016-10-11 23:26:44	None	None	None	
\\personalcloud.local\Public\Miki iPad\相機膠捲\IMG_0353.JPG	2016-10-11 23:26:44	None	None	None	
\\personalcloud.local\Public\Miki iPad\相機膠捲\IMG_0374.JPG	2016-10-11 23:26:44	System.Photo.DateTaken	2012-09-11 21:42:33	Success	
\\personalcloud.local\Public\Miki iPad\相機膠捲\IMG_0375.JPG	2016-10-11 23:26:44	System.Photo.DateTaken	2012-09-11 21:42:58	Success	
\\personalcloud.local\Public\Miki iPad\相機膠捲\IMG_0377.JPG	2016-10-11 23:26:44	None	None	None	
\\personalcloud.local\Public\Miki iPad\相機膠捲\IMG_0386.JPG	2016-10-11 23:26:44	System.Photo.DateTaken	2012-09-15 22:41:22	Success	
\\personalcloud.local\Public\Miki iPad\相機膠捲\IMG_0387.JPG	2016-10-11 23:26:44	System.Photo.DateTaken	2012-09-15 22:42:49	Success	
\\personalcloud.local\Public\Miki iPad\相機膠捲\IMG_0389.JPG	2016-10-11 23:26:44	System.Photo.DateTaken	2012-09-28 22:27:42	Success	
\\personalcloud.local\Public\Miki iPad\相機膠捲\IMG_0390.JPG	2016-10-11 23:26:44	System.Photo.DateTaken	2012-10-10 20:24:39	Success	
\\personalcloud.local\Public\Miki iPad\相機膠捲\IMG_0393.JPG	2016-10-11 23:26:44	System.Photo.DateTaken	2012-10-10 20:56:29	Success	
\\personalcloud.local\Public\Miki iPad\相機膠捲\IMG_0395.JPG	2016-10-11 23:26:44	None	None	None	
\\personalcloud.local\Public\Miki iPad\相機膠捲\IMG_0396.JPG	2016-10-11 23:26:44	None	None	None	
\\personalcloud.local\Public\Miki iPad\相機膠捲\IMG_0397.JPG	2016-10-11 23:26:44	System.Photo.DateTaken	2012-10-18 21:54:39	Success	
\\personalcloud.local\Public\Miki iPad\相機膠捲\IMG_0398.JPG	2016-10-11 23:26:44	System.Photo.DateTaken	2012-10-18 21:55:05	Success	
\\personalcloud.local\Public\Miki iPad\相機膠捲\IMG_0399.JPG	2016-10-11 23:26:44	None	None	None	
\\personalcloud.local\Public\Miki iPad\相機膠捲\IMG_0404.JPG	2016-10-11 23:26:44	System.Photo.DateTaken	2012-10-20 22:26:46	Success	
\\personalcloud.local\Public\Miki iPad\相機膠捲\IMG_0405.JPG	2016-10-11 23:26:44	System.Photo.DateTaken	2012-10-20 22:27:12	Success	
\\personalcloud.local\Public\Miki iPad\相機膠捲\IMG_0406.JPG	2016-10-11 23:26:44	System.Photo.DateTaken	2012-10-25 23:43:34	Success	
\\personalcloud.local\Public\Miki iPad\相機膠捲\IMG_0407.JPG	2016-10-11 23:26:44	System.Photo.DateTaken	2012-10-26 19:18:32	Success	
\\personalcloud.local\Public\Miki iPad\相機膠捲\IMG_0408.JPG	2016-10-11 23:26:43	System.Photo.DateTaken	2012-10-26 19:49:47	Success	
\\personalcloud.local\Public\Miki iPad\相機膠捲\IMG_0409.JPG	2016-10-11 23:26:43	System.Photo.DateTaken	2012-10-26 19:49:56	Success	
\\personalcloud.local\Public\Miki iPad\相機膠捲\IMG_0410.JPG	2016-10-11 23:26:43	System.Photo.DateTaken	2012-10-26 20:56:20	Success	
\\personalcloud.local\Public\Miki iPad\相機膠捲\IMG_0411.JPG	2016-10-11 23:26:43	System.Photo.DateTaken	2012-10-26 20:56:29	Success	
\\personalcloud.local\Public\Miki iPad\相機膠捲\IMG_0413.JPG	2016-10-11 23:26:43	None	None	None	
\\personalcloud.local\Public\Miki iPad\相機膠捲\IMG_0414.JPG	2016-10-11 23:26:43	None	None	None	
\\personalcloud.local\Public\Miki iPad\相機膠捲\IMG_0415.JPG	2016-10-11 23:26:43	System.Photo.DateTaken	2012-11-03 23:13:53	Success	
\\personalcloud.local\Public\Miki iPad\相機膠捲\IMG_0416.JPG	2016-10-11 23:26:43	System.Photo.DateTaken	2012-11-03 23:13:55	Success	
\\personalcloud.local\Public\Miki iPad\相機膠捲\IMG_0417.JPG	2016-10-11 23:26:43	System.Photo.DateTaken	2012-11-03 23:16:30	Success	
\\personalcloud.local\Public\Miki iPad\相機膠捲\IMG_0418.JPG	2016-10-11 23:26:43	System.Photo.DateTaken	2012-11-03 23:16:34	Success	
\\personalcloud.local\Public\Miki iPad\相機膠捲\IMG_0419.JPG	2016-10-11 23:26:43	System.Photo.DateTaken	2012-11-03 23:16:36	Success	
\\personalcloud.local\Public\Miki iPad\相機膠捲\IMG_0420.JPG	2016-10-11 23:26:43	System.Photo.DateTaken	2012-11-03 23:16:45	Success	
\\personalcloud.local\Public\Miki iPad\相機膠捲\IMG_0421.JPG	2016-10-11 23:26:43	System.Photo.DateTaken	2012-11-03 23:16:47	Success	
\\personalcloud.local\Public\Miki iPad\相機膠捲\IMG_0423.JPG	2016-10-11 23:26:43	System.Photo.DateTaken	2012-11-03 23:17:00	Success	
\\personalcloud.local\Public\Miki iPad\相機膠捲\IMG_0424.JPG	2016-10-11 23:26:43	System.Photo.DateTaken	2012-11-03 23:17:06	Success	
\\personalcloud.local\Public\Miki iPad\相機膠捲\IMG_0425.JPG	2016-10-11 23:26:43	System.Photo.DateTaken	2012-11-03 23:17:10	Success	
\\personalcloud.local\Public\Miki iPad\相機膠捲\IMG_0426.JPG	2016-10-11 23:26:43	System.Photo.DateTaken	2012-11-03 23:17:14	Success	
\\personalcloud.local\Public\Miki iPad\相機膠捲\IMG_0427.MOV	2016-10-11 23:26:43	System.Media.DateEncoded	2012-11-04 02:48:49	Success	
\\personalcloud.local\Public\Miki iPad\相機膠捲\IMG_0428.JPG	2016-10-11 23:26:43	System.Photo.DateTaken	2012-11-04 03:18:39	Success	
\\personalcloud.local\Public\Miki iPad\相機膠捲\IMG_0429.JPG	2016-10-11 23:26:43	System.Photo.DateTaken	2012-11-04 03:18:43	Success	
\\personalcloud.local\Public\Miki iPad\相機膠捲\IMG_0430.JPG	2016-10-11 23:26:43	System.Photo.DateTaken	2012-11-04 03:18:56	Success	
\\personalcloud.local\Public\Miki iPad\相機膠捲\IMG_0431.JPG	2016-10-11 23:26:43	System.Photo.DateTaken	2012-11-04 03:19:24	Success	
\\personalcloud.local\Public\Miki iPad\相機膠捲\IMG_0432.JPG	2016-10-11 23:26:41	System.Photo.DateTaken	2012-11-16 20:03:54	Success	
\\personalcloud.local\Public\Miki iPad\相機膠捲\IMG_0433.JPG	2016-10-11 23:26:41	System.Photo.DateTaken	2012-11-17 09:21:17	Success	
\\personalcloud.local\Public\Miki iPad\相機膠捲\IMG_0434.JPG	2016-10-11 23:26:41	System.Photo.DateTaken	2012-11-17 09:22:00	Success	
\\personalcloud.local\Public\Miki iPad\相機膠捲\IMG_0435.JPG	2016-10-11 23:26:41	System.Photo.DateTaken	2012-11-17 09:22:46	Success	
\\personalcloud.local\Public\Miki iPad\相機膠捲\IMG_0436.JPG	2016-10-11 23:26:41	System.Photo.DateTaken	2012-11-17 09:22:53	Success	
\\personalcloud.local\Public\Miki iPad\相機膠捲\IMG_0437.JPG	2016-10-11 23:26:41	System.Photo.DateTaken	2012-11-17 09:23:01	Success	
\\personalcloud.local\Public\Miki iPad\相機膠捲\IMG_0438.JPG	2016-10-11 23:26:41	System.Photo.DateTaken	2012-11-17 09:23:10	Success	
\\personalcloud.local\Public\Miki iPad\相機膠捲\IMG_0439.JPG	2016-10-11 23:26:41	System.Photo.DateTaken	2012-11-17 09:23:17	Success	
\\personalcloud.local\Public\Miki iPad\相機膠捲\IMG_0440.JPG	2016-10-11 23:26:41	System.Photo.DateTaken	2012-11-17 10:45:11	Success	
\\personalcloud.local\Public\Miki iPad\相機膠捲\IMG_0441.JPG	2016-10-11 23:26:41	System.Photo.DateTaken	2012-11-17 10:45:12	Success	
\\personalcloud.local\Public\Miki iPad\相機膠捲\IMG_0442.JPG	2016-10-11 23:26:41	System.Photo.DateTaken	2012-11-17 10:45:38	Success	
\\personalcloud.local\Public\Miki iPad\相機膠捲\IMG_0443.JPG	2016-10-11 23:26:41	System.Photo.DateTaken	2012-11-17 10:45:43	Success	
\\personalcloud.local\Public\Miki iPad\相機膠捲\IMG_0444.JPG	2016-10-11 23:26:41	System.Photo.DateTaken	2012-11-17 10:45:53	Success	
\\personalcloud.local\Public\Miki iPad\相機膠捲\IMG_0445.JPG	2016-10-11 23:26:41	System.Photo.DateTaken	2012-11-17 10:46:03	Success	
\\personalcloud.local\Public\Miki iPad\相機膠捲\IMG_0446.JPG	2016-10-11 23:26:41	System.Photo.DateTaken	2012-11-17 10:46:17	Success	
\\personalcloud.local\Public\Miki iPad\相機膠捲\IMG_0447.JPG	2016-10-11 23:26:41	System.Photo.DateTaken	2012-11-17 10:46:30	Success	
\\personalcloud.local\Public\Miki iPad\相機膠捲\IMG_0448.JPG	2016-10-11 23:26:41	System.Photo.DateTaken	2012-11-17 11:40:10	Success	
\\personalcloud.local\Public\Miki iPad\相機膠捲\IMG_0449.JPG	2016-10-11 23:26:41	System.Photo.DateTaken	2012-11-17 11:40:13	Success	
\\personalcloud.local\Public\Miki iPad\相機膠捲\IMG_0450.JPG	2016-10-11 23:26:41	System.Photo.DateTaken	2012-11-17 11:40:16	Success	
\\personalcloud.local\Public\Miki iPad\相機膠捲\IMG_0451.JPG	2016-10-11 23:26:41	System.Photo.DateTaken	2012-11-17 12:01:35	Success	
\\personalcloud.local\Public\Miki iPad\相機膠捲\IMG_0452.JPG	2016-10-11 23:26:41	None	None	None	
\\personalcloud.local\Public\Miki iPad\相機膠捲\IMG_0453.JPG	2016-10-11 23:26:41	System.Photo.DateTaken	2012-11-23 12:56:02	Success	
\\personalcloud.local\Public\Miki iPad\相機膠捲\IMG_0454.JPG	2016-10-11 23:26:41	None	None	None	
\\personalcloud.local\Public\Miki iPad\相機膠捲\IMG_0455.JPG	2016-10-11 23:26:41	None	None	None	
\\personalcloud.local\Public\Miki iPad\相機膠捲\IMG_0456.JPG	2016-10-11 23:26:41	None	None	None	
\\personalcloud.local\Public\Miki iPad\相機膠捲\IMG_0457.JPG	2016-10-11 23:26:41	None	None	None	
\\personalcloud.local\Public\Miki iPad\相機膠捲\IMG_0458.JPG	2016-10-11 23:26:41	None	None	None	
\\personalcloud.local\Public\Miki iPad\相機膠捲\IMG_0459.JPG	2016-10-11 23:26:40	System.Photo.DateTaken	2012-12-14 14:25:24	Success	
\\personalcloud.local\Public\Miki iPad\相機膠捲\IMG_0460.JPG	2016-10-11 23:26:40	System.Photo.DateTaken	2012-12-14 14:25:37	Success	
\\personalcloud.local\Public\Miki iPad\相機膠捲\IMG_0461.JPG	2016-10-11 23:26:40	System.Photo.DateTaken	2012-12-14 14:38:29	Success	
\\personalcloud.local\Public\Miki iPad\相機膠捲\IMG_0463.JPG	2016-10-11 23:26:40	System.Photo.DateTaken	2012-12-14 14:39:12	Success	
\\personalcloud.local\Public\Miki iPad\相機膠捲\IMG_0468.JPG	2016-10-11 23:26:40	System.Photo.DateTaken	2013-01-02 22:15:04	Success	
\\personalcloud.local\Public\Miki iPad\相機膠捲\IMG_0473.JPG	2016-10-11 23:26:40	System.Photo.DateTaken	2013-01-09 14:13:18	Success	
\\personalcloud.local\Public\Miki iPad\相機膠捲\IMG_0474.JPG	2016-10-11 23:26:40	System.Photo.DateTaken	2013-01-09 14:19:39	Success	
\\personalcloud.local\Public\Miki iPad\相機膠捲\IMG_0475.JPG	2016-10-11 23:26:40	System.Photo.DateTaken	2013-01-09 14:24:56	Success	
\\personalcloud.local\Public\Miki iPad\相機膠捲\IMG_0476.JPG	2016-10-11 23:26:40	System.Photo.DateTaken	2013-01-09 14:43:15	Success	
\\personalcloud.local\Public\Miki iPad\相機膠捲\IMG_0477.JPG	2016-10-11 23:26:40	System.Photo.DateTaken	2013-01-09 14:50:02	Success	
\\personalcloud.local\Public\Miki iPad\相機膠捲\IMG_0478.JPG	2016-10-11 23:26:40	System.Photo.DateTaken	2013-01-09 14:52:51	Success	
\\personalcloud.local\Public\Miki iPad\相機膠捲\IMG_0479.JPG	2016-10-11 23:26:40	System.Photo.DateTaken	2013-01-09 14:57:58	Success	
\\personalcloud.local\Public\Miki iPad\相機膠捲\IMG_0480.JPG	2016-10-11 23:26:40	System.Photo.DateTaken	2013-01-09 16:13:06	Success	
\\personalcloud.local\Public\Miki iPad\相機膠捲\IMG_0481.JPG	2016-10-11 23:26:40	System.Photo.DateTaken	2013-01-09 17:03:51	Success	
\\personalcloud.local\Public\Miki iPad\相機膠捲\IMG_0482.JPG	2016-10-11 23:26:40	System.Photo.DateTaken	2013-01-09 17:04:29	Success	
\\personalcloud.local\Public\Miki iPad\相機膠捲\IMG_0483.JPG	2016-10-11 23:26:40	System.Photo.DateTaken	2013-01-09 17:07:38	Success	
\\personalcloud.local\Public\Miki iPad\相機膠捲\IMG_0484.JPG	2016-10-11 23:26:40	System.Photo.DateTaken	2013-01-09 17:13:04	Success	
\\personalcloud.local\Public\Miki iPad\相機膠捲\IMG_0485.JPG	2016-10-11 23:26:40	System.Photo.DateTaken	2013-01-09 17:13:13	Success	
\\personalcloud.local\Public\Miki iPad\相機膠捲\IMG_0486.JPG	2016-10-11 23:26:40	System.Photo.DateTaken	2013-01-09 17:16:04	Success	
\\personalcloud.local\Public\Miki iPad\相機膠捲\IMG_0488.JPG	2016-10-11 23:26:40	System.Photo.DateTaken	2013-01-09 21:53:19	Success	
\\personalcloud.local\Public\Miki iPad\相機膠捲\IMG_0489.JPG	2016-10-11 23:26:40	System.Photo.DateTaken	2013-01-09 21:53:25	Success	
\\personalcloud.local\Public\Miki iPad\相機膠捲\IMG_0490.JPG	2016-10-11 23:26:40	System.Photo.DateTaken	2013-01-09 21:53:32	Success	
\\personalcloud.local\Public\Miki iPad\相機膠捲\IMG_0492.JPG	2016-10-11 23:26:40	System.Photo.DateTaken	2013-01-10 21:54:10	Success	
\\personalcloud.local\Public\Miki iPad\相機膠捲\IMG_0520.JPG	2016-10-11 23:26:40	None	None	None	
\\personalcloud.local\Public\Miki iPad\相機膠捲\IMG_0535.JPG	2016-10-11 23:26:40	System.Photo.DateTaken	2013-02-17 00:01:48	Success	
\\personalcloud.local\Public\Miki iPad\相機膠捲\IMG_0544.JPG	2016-10-11 23:26:40	None	None	None	
\\personalcloud.local\Public\Miki iPad\相機膠捲\IMG_0545.JPG	2016-10-11 23:26:40	None	None	None	
\\personalcloud.local\Public\Miki iPad\相機膠捲\IMG_0547.JPG	2016-10-11 23:26:40	System.Photo.DateTaken	2013-02-28 21:36:48	Success	
\\personalcloud.local\Public\Miki iPad\相機膠捲\IMG_0548.JPG	2016-10-11 23:26:40	None	None	None	
\\personalcloud.local\Public\Miki iPad\相機膠捲\IMG_0551.JPG	2016-10-11 23:26:40	None	None	None	
\\personalcloud.local\Public\Miki iPad\相機膠捲\IMG_0552.MOV	2016-10-11 23:26:39	System.Media.DateEncoded	2013-03-12 00:11:44	Success	
\\personalcloud.local\Public\Miki iPad\相機膠捲\IMG_0555.JPG	2016-10-11 23:26:39	None	None	None	
\\personalcloud.local\Public\Miki iPad\相機膠捲\IMG_0557.JPG	2016-10-11 23:26:39	None	None	None	
\\personalcloud.local\Public\Miki iPad\相機膠捲\IMG_0559.JPG	2016-10-11 23:26:39	None	None	None	
\\personalcloud.local\Public\Miki iPad\相機膠捲\IMG_0560.MOV	2016-10-11 23:26:38	System.Media.DateEncoded	2013-03-17 23:33:39	Success	
\\personalcloud.local\Public\Miki iPad\相機膠捲\IMG_0575.JPG	2016-10-11 23:26:38	System.Photo.DateTaken	2013-04-12 21:39:02	Success	
\\personalcloud.local\Public\Miki iPad\相機膠捲\IMG_0580.JPG	2016-10-11 23:26:38	System.Photo.DateTaken	2013-04-20 03:42:29	Success	
\\personalcloud.local\Public\Miki iPad\相機膠捲\IMG_0586.JPG	2016-10-11 23:26:37	System.Photo.DateTaken	2013-04-27 03:13:44	Success	
\\personalcloud.local\Public\Miki iPad\相機膠捲\IMG_0587.JPG	2016-10-11 23:26:37	None	None	None	
\\personalcloud.local\Public\Miki iPad\相機膠捲\IMG_0590.JPG	2016-10-11 23:26:37	None	None	None	
\\personalcloud.local\Public\Miki iPad\相機膠捲\IMG_0591.JPG	2016-10-11 23:26:37	System.Photo.DateTaken	2014-02-02 16:44:48	Success	
\\personalcloud.local\Public\Miki iPad\相機膠捲\IMG_0592.MOV	2016-10-11 23:26:37	System.Media.DateEncoded	2014-02-09 20:52:21	Success	
\\personalcloud.local\Public\Miki iPad\相機膠捲\IMG_0593.JPG	2016-10-11 23:26:32	None	None	None	
\\personalcloud.local\Public\Miki iPad\相機膠捲\IMG_0594.JPG	2016-10-11 23:26:32	System.Photo.DateTaken	2014-06-28 19:38:47	Success	
\\personalcloud.local\Public\Miki iPad\相機膠捲\IMG_0595.JPG	2016-10-11 23:26:32	System.Photo.DateTaken	2014-06-28 19:38:51	Success	
\\personalcloud.local\Public\Miki iPad\相機膠捲\IMG_0596.JPG	2016-10-11 23:26:32	System.Photo.DateTaken	2014-06-28 19:39:31	Success	
\\personalcloud.local\Public\Miki iPad\相機膠捲\IMG_0597.JPG	2016-10-11 23:26:32	System.Photo.DateTaken	2014-06-29 16:51:07	Success	
\\personalcloud.local\Public\Miki iPad\相機膠捲\IMG_0598.JPG	2016-10-11 23:26:32	None	None	None	
\\personalcloud.local\Public\Miki iPad\相機膠捲\IMG_0599.JPG	2016-10-11 23:26:32	System.Photo.DateTaken	2014-06-30 18:24:55	Success	
\\personalcloud.local\Public\Miki iPad\相機膠捲\IMG_0600.JPG	2016-10-11 23:26:32	System.Photo.DateTaken	2014-07-06 09:02:14	Success	
\\personalcloud.local\Public\Miki iPad\相機膠捲\IMG_0601.JPG	2016-10-11 23:26:32	System.Photo.DateTaken	2014-07-06 09:02:25	Success	
\\personalcloud.local\Public\Miki iPad\相機膠捲\IMG_0602.JPG	2016-10-11 23:26:32	System.Photo.DateTaken	2014-07-13 15:55:38	Success	
\\personalcloud.local\Public\Miki iPad\相機膠捲\IMG_0603.JPG	2016-10-11 23:26:32	System.Photo.DateTaken	2014-07-13 15:56:06	Success	
\\personalcloud.local\Public\Miki iPad\相機膠捲\IMG_0604.JPG	2016-10-11 23:26:32	None	None	None	
\\personalcloud.local\Public\Miki iPad\相機膠捲\IMG_0605.JPG	2016-10-11 23:26:32	System.Photo.DateTaken	2015-01-04 15:14:23	Success	
\\personalcloud.local\Public\Miki iPad\相機膠捲\IMG_0606.JPG	2016-10-11 23:26:32	None	None	None	
\\personalcloud.local\Public\Miki iPad\相機膠捲\IMG_0607.JPG	2016-10-11 23:26:32	System.Photo.DateTaken	2015-01-04 15:26:35	Success	
\\personalcloud.local\Public\Miki iPad\相機膠捲\IMG_0608.JPG	2016-10-11 23:26:32	None	None	None	
\\personalcloud.local\Public\Miki iPad\相機膠捲\IMG_0609.JPG	2016-10-11 23:26:32	System.Photo.DateTaken	2015-02-14 10:53:08	Success	
\\personalcloud.local\Public\Miki iPad\相機膠捲\IMG_0610.JPG	2016-10-11 23:26:32	None	None	None	
\\personalcloud.local\Public\Miki iPad\相機膠捲\IMG_0611.JPG	2016-10-11 23:26:32	System.Photo.DateTaken	2015-02-15 20:16:51	Success	
\\personalcloud.local\Public\Miki iPad\相機膠捲\IMG_0612.JPG	2016-10-11 23:26:32	None	None	None	
\\personalcloud.local\Public\Miki iPad\相機膠捲\IMG_0613.JPG	2016-10-11 23:26:32	None	None	None	
\\personalcloud.local\Public\Miki iPad\相機膠捲\IMG_0614.PNG	2016-10-11 23:26:32	None	None	None	
\\personalcloud.local\Public\Miki iPad\視頻\IMG_0427.MOV	2016-10-11 23:27:01	System.Media.DateEncoded	2012-11-04 02:48:49	Success	
\\personalcloud.local\Public\Miki iPad\視頻\IMG_0552.MOV	2016-10-11 23:26:59	System.Media.DateEncoded	2013-03-12 00:11:44	Success	
\\personalcloud.local\Public\Miki iPad\視頻\IMG_0560.MOV	2016-10-11 23:26:58	System.Media.DateEncoded	2013-03-17 23:33:39	Success	
\\personalcloud.local\Public\Miki iPad\視頻\IMG_0592.MOV	2016-10-11 23:26:57	System.Media.DateEncoded	2014-02-09 20:52:21	Success	
