FilePath	LastWriteTime	AlignFrom	AlignTime	Result	Message
\\personalcloud.local\Public\K00Y (媽媽平板)\tmp_1452942854897.jpg	2016-01-16 19:14:21	None	None	None	
\\personalcloud.local\Public\K00Y (媽媽平板)\tmp_1457070298122.jpg	2016-03-04 13:45:23	None	None	None	
\\personalcloud.local\Public\K00Y (媽媽平板)\114_FUJI\DSCF4496.JPG	2014-11-02 14:42:09	None	None	None	
\\personalcloud.local\Public\K00Y (媽媽平板)\114_FUJI\DSCF4497.JPG	2014-11-02 14:42:39	None	None	None	
\\personalcloud.local\Public\K00Y (媽媽平板)\Camera\P_20140703_085328.jpg	2014-07-03 08:53:27	None	None	None	
\\personalcloud.local\Public\K00Y (媽媽平板)\Camera\P_20140703_085330.jpg	2014-07-03 08:53:30	None	None	None	
\\personalcloud.local\Public\K00Y (媽媽平板)\Camera\P_20140703_093202.jpg	2014-07-03 09:32:01	None	None	None	
\\personalcloud.local\Public\K00Y (媽媽平板)\Camera\P_20140703_093255.jpg	2014-07-03 09:32:54	None	None	None	
\\personalcloud.local\Public\K00Y (媽媽平板)\Camera\P_20140719_171757.jpg	2014-07-19 17:17:56	None	None	None	
\\personalcloud.local\Public\K00Y (媽媽平板)\Camera\P_20140721_184530.jpg	2014-07-21 18:45:28	None	None	None	
\\personalcloud.local\Public\K00Y (媽媽平板)\Camera\P_20140823_120831.jpg	2014-08-23 12:08:29	None	None	None	
\\personalcloud.local\Public\K00Y (媽媽平板)\Camera\P_20140823_120832.jpg	2014-08-23 12:08:31	None	None	None	
\\personalcloud.local\Public\K00Y (媽媽平板)\Camera\P_20140908_115620.jpg	2014-09-08 11:56:19	None	None	None	
\\personalcloud.local\Public\K00Y (媽媽平板)\Camera\P_20140908_115624.jpg	2014-09-08 11:56:22	None	None	None	
\\personalcloud.local\Public\K00Y (媽媽平板)\Camera\P_20140908_115633.jpg	2014-09-08 11:56:31	None	None	None	
\\personalcloud.local\Public\K00Y (媽媽平板)\Camera\P_20140908_115727.jpg	2014-09-08 11:57:26	None	None	None	
\\personalcloud.local\Public\K00Y (媽媽平板)\Camera\P_20141108_102112.jpg	2014-11-08 10:21:12	None	None	None	
\\personalcloud.local\Public\K00Y (媽媽平板)\Camera\P_20141108_102124.jpg	2014-11-08 10:21:24	None	None	None	
\\personalcloud.local\Public\K00Y (媽媽平板)\Camera\P_20150221_130407.jpg	2015-02-21 13:04:05	None	None	None	
\\personalcloud.local\Public\K00Y (媽媽平板)\Camera\P_20150322_195625.jpg	2015-03-22 19:56:24	None	None	None	
\\personalcloud.local\Public\K00Y (媽媽平板)\Camera\P_20150403_191705.jpg	2015-04-03 19:17:04	None	None	None	
\\personalcloud.local\Public\K00Y (媽媽平板)\Camera\P_20150403_191711.jpg	2015-04-03 19:17:09	None	None	None	
\\personalcloud.local\Public\K00Y (媽媽平板)\Camera\P_20160116_200819.jpg	2016-01-16 20:08:17	None	None	None	
\\personalcloud.local\Public\K00Y (媽媽平板)\Camera\P_20160210_084741.jpg	2016-02-10 08:47:39	None	None	None	
\\personalcloud.local\Public\K00Y (媽媽平板)\Camera\P_20160210_084752.jpg	2016-02-10 08:47:51	None	None	None	
\\personalcloud.local\Public\K00Y (媽媽平板)\Camera\P_20160210_084755.jpg	2016-02-10 08:47:54	None	None	None	
\\personalcloud.local\Public\K00Y (媽媽平板)\Camera\P_20160210_084759.jpg	2016-02-10 08:47:57	None	None	None	
\\personalcloud.local\Public\K00Y (媽媽平板)\Camera\P_20160228_080206.jpg	2016-02-28 08:02:05	None	None	None	
\\personalcloud.local\Public\K00Y (媽媽平板)\Camera\P_20160228_143335.jpg	2016-02-28 14:33:34	None	None	None	
\\personalcloud.local\Public\K00Y (媽媽平板)\Camera\P_20160228_143525.jpg	2016-02-28 14:35:24	None	None	None	
\\personalcloud.local\Public\K00Y (媽媽平板)\Camera\P_20160228_143538.jpg	2016-02-28 14:35:37	None	None	None	
\\personalcloud.local\Public\K00Y (媽媽平板)\Camera\P_20160229_090055.jpg	2016-02-29 09:00:54	None	None	None	
\\personalcloud.local\Public\K00Y (媽媽平板)\Camera\P_20160229_090105.jpg	2016-02-29 09:01:04	None	None	None	
\\personalcloud.local\Public\K00Y (媽媽平板)\Camera\P_20160304_172813.jpg	2016-03-04 17:28:12	None	None	None	
\\personalcloud.local\Public\K00Y (媽媽平板)\Camera\P_20160304_172817.jpg	2016-03-04 17:28:16	None	None	None	
\\personalcloud.local\Public\K00Y (媽媽平板)\Camera\P_20160304_173214.jpg	2016-03-04 17:32:13	None	None	None	
\\personalcloud.local\Public\K00Y (媽媽平板)\Camera\P_20160304_173220.jpg	2016-03-04 17:32:18	None	None	None	
\\personalcloud.local\Public\K00Y (媽媽平板)\Camera\P_20160304_173931.jpg	2016-03-04 17:39:30	None	None	None	
\\personalcloud.local\Public\K00Y (媽媽平板)\Camera\P_20160304_173945.jpg	2016-03-04 17:39:44	None	None	None	
\\personalcloud.local\Public\K00Y (媽媽平板)\Camera\P_20160304_174235.jpg	2016-03-04 17:42:34	None	None	None	
\\personalcloud.local\Public\K00Y (媽媽平板)\Camera\P_20160304_174314.jpg	2016-03-04 17:43:14	None	None	None	
\\personalcloud.local\Public\K00Y (媽媽平板)\Camera\P_20160304_174446.jpg	2016-03-04 17:44:45	None	None	None	
\\personalcloud.local\Public\K00Y (媽媽平板)\Camera\P_20160304_174504.jpg	2016-03-04 17:45:03	None	None	None	
\\personalcloud.local\Public\K00Y (媽媽平板)\Camera\P_20160304_174605.jpg	2016-03-04 17:46:04	None	None	None	
\\personalcloud.local\Public\K00Y (媽媽平板)\Camera\P_20160501_074153.jpg	2016-05-01 07:41:52	None	None	None	
\\personalcloud.local\Public\K00Y (媽媽平板)\Camera\P_20160501_074200.jpg	2016-05-01 07:42:00	None	None	None	
\\personalcloud.local\Public\K00Y (媽媽平板)\Camera\P_20160501_074213.jpg	2016-05-01 07:42:12	None	None	None	
\\personalcloud.local\Public\K00Y (媽媽平板)\Camera\P_20160501_132328.jpg	2016-05-01 13:23:27	None	None	None	
\\personalcloud.local\Public\K00Y (媽媽平板)\Camera\P_20160501_132354.jpg	2016-05-01 13:23:53	None	None	None	
\\personalcloud.local\Public\K00Y (媽媽平板)\Camera\P_20160524_161004.jpg	2016-05-24 16:10:03	None	None	None	
\\personalcloud.local\Public\K00Y (媽媽平板)\Camera\P_20160524_161016.jpg	2016-05-24 16:10:15	None	None	None	
\\personalcloud.local\Public\K00Y (媽媽平板)\Camera\P_20160524_161022.jpg	2016-05-24 16:10:21	None	None	None	
\\personalcloud.local\Public\K00Y (媽媽平板)\Camera\P_20160524_161236.jpg	2016-05-24 16:12:35	None	None	None	
\\personalcloud.local\Public\K00Y (媽媽平板)\Camera\P_20160915_205631.jpg	2016-09-15 20:56:30	None	None	None	
\\personalcloud.local\Public\K00Y (媽媽平板)\Camera\P_20160915_205715.jpg	2016-09-15 20:57:15	None	None	None	
\\personalcloud.local\Public\K00Y (媽媽平板)\Camera\P_20161101_102352.jpg	2016-11-01 10:23:51	None	None	None	
\\personalcloud.local\Public\K00Y (媽媽平板)\Camera\P_20161101_102357.jpg	2016-11-01 10:23:56	None	None	None	
\\personalcloud.local\Public\K00Y (媽媽平板)\Camera\P_20161101_102543.jpg	2016-11-01 10:25:42	None	None	None	
\\personalcloud.local\Public\K00Y (媽媽平板)\Camera\P_20161101_102642.jpg	2016-11-01 10:26:41	None	None	None	
\\personalcloud.local\Public\K00Y (媽媽平板)\Camera\P_20161101_103923.jpg	2016-11-01 10:39:21	None	None	None	
\\personalcloud.local\Public\K00Y (媽媽平板)\Camera\P_20161101_103931.jpg	2016-11-01 10:39:30	None	None	None	
\\personalcloud.local\Public\K00Y (媽媽平板)\Camera\P_20161101_104347.jpg	2016-11-01 10:43:46	None	None	None	
\\personalcloud.local\Public\K00Y (媽媽平板)\Camera\P_20161101_104407.jpg	2016-11-01 10:44:05	None	None	None	
\\personalcloud.local\Public\K00Y (媽媽平板)\Camera\P_20161101_104442.jpg	2016-11-01 10:44:41	None	None	None	
\\personalcloud.local\Public\K00Y (媽媽平板)\Camera\P_20161101_105116.jpg	2016-11-01 10:51:15	None	None	None	
\\personalcloud.local\Public\K00Y (媽媽平板)\Camera\P_20161101_105303.jpg	2016-11-01 10:53:01	None	None	None	
\\personalcloud.local\Public\K00Y (媽媽平板)\Camera\P_20161101_105417.jpg	2016-11-01 10:54:16	None	None	None	
\\personalcloud.local\Public\K00Y (媽媽平板)\Camera\P_20161101_105427.jpg	2016-11-01 10:54:25	None	None	None	
\\personalcloud.local\Public\K00Y (媽媽平板)\Camera\P_20161101_105603.jpg	2016-11-01 10:56:01	None	None	None	
\\personalcloud.local\Public\K00Y (媽媽平板)\Camera\P_20161101_105610.jpg	2016-11-01 10:56:09	None	None	None	
\\personalcloud.local\Public\K00Y (媽媽平板)\Camera\P_20161101_122430.jpg	2016-11-01 12:24:29	None	None	None	
\\personalcloud.local\Public\K00Y (媽媽平板)\Camera\P_20161101_122436.jpg	2016-11-01 12:24:35	None	None	None	
\\personalcloud.local\Public\K00Y (媽媽平板)\Camera\P_20161101_122554.jpg	2016-11-01 12:25:53	None	None	None	
\\personalcloud.local\Public\K00Y (媽媽平板)\Camera\P_20161101_122602.jpg	2016-11-01 12:26:01	None	None	None	
\\personalcloud.local\Public\K00Y (媽媽平板)\Camera\P_20161101_124341.jpg	2016-11-01 12:43:40	None	None	None	
\\personalcloud.local\Public\K00Y (媽媽平板)\Camera\P_20161101_124443.jpg	2016-11-01 12:44:41	None	None	None	
\\personalcloud.local\Public\K00Y (媽媽平板)\Camera\P_20161102_080824.jpg	2016-11-02 08:08:22	None	None	None	
\\personalcloud.local\Public\K00Y (媽媽平板)\Camera\P_20161102_080826.jpg	2016-11-02 08:08:25	None	None	None	
\\personalcloud.local\Public\K00Y (媽媽平板)\Camera\P_20161116_101642.jpg	2016-11-16 10:16:41	None	None	None	
\\personalcloud.local\Public\K00Y (媽媽平板)\Camera\P_20161116_102325.jpg	2016-11-16 10:23:24	None	None	None	
\\personalcloud.local\Public\K00Y (媽媽平板)\Camera\P_20161116_102345.jpg	2016-11-16 10:23:44	None	None	None	
\\personalcloud.local\Public\K00Y (媽媽平板)\Camera\P_20161116_102424.jpg	2016-11-16 10:24:23	None	None	None	
\\personalcloud.local\Public\K00Y (媽媽平板)\Camera\P_20161116_102557.jpg	2016-11-16 10:25:56	None	None	None	
\\personalcloud.local\Public\K00Y (媽媽平板)\Camera\P_20161116_123042.jpg	2016-11-16 12:30:41	None	None	None	
\\personalcloud.local\Public\K00Y (媽媽平板)\Camera\P_20170120_165358.jpg	2017-01-20 16:53:56	None	None	None	
\\personalcloud.local\Public\K00Y (媽媽平板)\Camera\P_20170124_211825.jpg	2017-01-24 21:18:24	None	None	None	
\\personalcloud.local\Public\K00Y (媽媽平板)\Camera\P_20170124_211831.jpg	2017-01-24 21:18:30	None	None	None	
\\personalcloud.local\Public\K00Y (媽媽平板)\Camera\P_20170124_212147.jpg	2017-01-24 21:21:46	None	None	None	
\\personalcloud.local\Public\K00Y (媽媽平板)\Camera\P_20170127_194359.jpg	2017-01-27 19:43:59	None	None	None	
\\personalcloud.local\Public\K00Y (媽媽平板)\Camera\P_20170127_194408.jpg	2017-01-27 19:44:08	None	None	None	
\\personalcloud.local\Public\K00Y (媽媽平板)\Camera\P_20170127_194711.jpg	2017-01-27 19:47:11	None	None	None	
\\personalcloud.local\Public\K00Y (媽媽平板)\Camera\P_20170127_194717.jpg	2017-01-27 19:47:17	None	None	None	
\\personalcloud.local\Public\K00Y (媽媽平板)\Camera\P_20170127_194813.jpg	2017-01-27 19:48:12	None	None	None	
\\personalcloud.local\Public\K00Y (媽媽平板)\Camera\P_20170127_194816.jpg	2017-01-27 19:48:16	None	None	None	
\\personalcloud.local\Public\K00Y (媽媽平板)\Camera\P_20170127_210624.jpg	2017-01-27 21:06:22	None	None	None	
\\personalcloud.local\Public\K00Y (媽媽平板)\Camera\P_20170221_110353.jpg	2017-02-21 11:03:52	None	None	None	
\\personalcloud.local\Public\K00Y (媽媽平板)\Camera\P_20170221_110358.jpg	2017-02-21 11:03:56	None	None	None	
\\personalcloud.local\Public\K00Y (媽媽平板)\Camera\P_20170221_111134.jpg	2017-02-21 11:11:33	None	None	None	
\\personalcloud.local\Public\K00Y (媽媽平板)\Camera\P_20170221_111138.jpg	2017-02-21 11:11:37	None	None	None	
\\personalcloud.local\Public\K00Y (媽媽平板)\Camera\P_20170221_111435.jpg	2017-02-21 11:14:34	None	None	None	
\\personalcloud.local\Public\K00Y (媽媽平板)\Camera\P_20170221_111512.jpg	2017-02-21 11:15:12	None	None	None	
\\personalcloud.local\Public\K00Y (媽媽平板)\Camera\P_20170221_111612.jpg	2017-02-21 11:16:12	None	None	None	
\\personalcloud.local\Public\K00Y (媽媽平板)\Camera\P_20170225_151413.jpg	2017-02-25 15:14:12	None	None	None	
\\personalcloud.local\Public\K00Y (媽媽平板)\Camera\P_20170225_151503.jpg	2017-02-25 15:15:02	None	None	None	
\\personalcloud.local\Public\K00Y (媽媽平板)\Camera\P_20170225_151509.jpg	2017-02-25 15:15:08	None	None	None	
\\personalcloud.local\Public\K00Y (媽媽平板)\Camera\P_20170225_151602.jpg	2017-02-25 15:16:01	None	None	None	
\\personalcloud.local\Public\K00Y (媽媽平板)\Camera\P_20170225_151607.jpg	2017-02-25 15:16:06	None	None	None	
\\personalcloud.local\Public\K00Y (媽媽平板)\Camera\P_20170226_065248.jpg	2017-02-26 06:52:47	None	None	None	
\\personalcloud.local\Public\K00Y (媽媽平板)\Camera\P_20170226_130451.jpg	2017-02-26 13:04:50	None	None	None	
\\personalcloud.local\Public\K00Y (媽媽平板)\Camera\P_20170401_191601.jpg	2017-04-01 19:16:00	None	None	None	
\\personalcloud.local\Public\K00Y (媽媽平板)\Camera\P_20170401_191756.jpg	2017-04-01 19:17:54	None	None	None	
\\personalcloud.local\Public\K00Y (媽媽平板)\Camera\P_20170401_191842.jpg	2017-04-01 19:18:40	None	None	None	
\\personalcloud.local\Public\K00Y (媽媽平板)\Camera\P_20170401_192008.jpg	2017-04-01 19:20:08	None	None	None	
\\personalcloud.local\Public\K00Y (媽媽平板)\Camera\P_20170401_192141.jpg	2017-04-01 19:21:40	None	None	None	
\\personalcloud.local\Public\K00Y (媽媽平板)\Camera\P_20170427_082031.jpg	2017-04-27 08:20:30	None	None	None	
\\personalcloud.local\Public\K00Y (媽媽平板)\Camera\P_20170427_082055.jpg	2017-04-27 08:20:54	None	None	None	
\\personalcloud.local\Public\K00Y (媽媽平板)\Camera\P_20170427_083430.jpg	2017-04-27 08:34:29	None	None	None	
\\personalcloud.local\Public\K00Y (媽媽平板)\Camera\P_20170427_083434.jpg	2017-04-27 08:34:33	None	None	None	
\\personalcloud.local\Public\K00Y (媽媽平板)\Camera\P_20170427_155847.jpg	2017-04-27 15:58:46	None	None	None	
\\personalcloud.local\Public\K00Y (媽媽平板)\Camera\V_20170226_105512.mp4	2017-02-26 10:55:12	None	None	None	
\\personalcloud.local\Public\K00Y (媽媽平板)\Camera\V_20170427_160813.mp4	2017-04-27 16:08:13	None	None	None	
\\personalcloud.local\Public\K00Y (媽媽平板)\LINE\1454076313358.jpg	2017-05-04 18:15:06	None	None	None	
\\personalcloud.local\Public\K00Y (媽媽平板)\LINE\1455353383308.jpg	2017-05-04 18:15:08	None	None	None	
\\personalcloud.local\Public\K00Y (媽媽平板)\LINE\1461988911041.jpg	2017-05-04 18:15:08	None	None	None	
\\personalcloud.local\Public\K00Y (媽媽平板)\LINE\1462000414705.jpg	2017-05-04 18:15:08	None	None	None	
\\personalcloud.local\Public\K00Y (媽媽平板)\LINE\1462000422415.jpg	2017-05-04 18:15:08	None	None	None	
\\personalcloud.local\Public\K00Y (媽媽平板)\LINE\1462000430234.jpg	2017-05-04 18:15:08	None	None	None	
\\personalcloud.local\Public\K00Y (媽媽平板)\LINE\1462000437875.jpg	2017-05-04 18:15:08	None	None	None	
\\personalcloud.local\Public\K00Y (媽媽平板)\LINE\1462000442504.jpg	2017-05-04 18:15:08	None	None	None	
\\personalcloud.local\Public\K00Y (媽媽平板)\LINE\1462000463738.jpg	2017-05-04 18:15:08	None	None	None	
\\personalcloud.local\Public\K00Y (媽媽平板)\LINE\1462000905519.jpg	2017-05-04 18:15:08	None	None	None	
\\personalcloud.local\Public\K00Y (媽媽平板)\LINE\1462000919426.jpg	2017-05-04 18:15:10	None	None	None	
\\personalcloud.local\Public\K00Y (媽媽平板)\LINE\1462000923697.jpg	2017-05-04 18:15:10	None	None	None	
\\personalcloud.local\Public\K00Y (媽媽平板)\LINE\1462002775110.jpg	2017-05-04 18:15:10	None	None	None	
\\personalcloud.local\Public\K00Y (媽媽平板)\LINE\1462273410682.jpg	2017-05-04 18:15:10	None	None	None	
\\personalcloud.local\Public\K00Y (媽媽平板)\LINE\1462273418723.jpg	2017-05-04 18:15:10	None	None	None	
\\personalcloud.local\Public\K00Y (媽媽平板)\LINE\1463877568339.jpg	2017-05-04 18:15:10	None	None	None	
\\personalcloud.local\Public\K00Y (媽媽平板)\LINE\1466669361702.jpg	2017-05-04 18:15:10	None	None	None	
\\personalcloud.local\Public\K00Y (媽媽平板)\LINE\1469366416522.jpg	2017-05-04 18:15:10	None	None	None	
\\personalcloud.local\Public\K00Y (媽媽平板)\LINE\1481606253539.jpg	2017-05-04 18:15:12	None	None	None	
\\personalcloud.local\Public\K00Y (媽媽平板)\LINE\1481606253667.jpg	2017-05-04 18:15:12	None	None	None	
\\personalcloud.local\Public\K00Y (媽媽平板)\LINE\1481606253719.jpg	2017-05-04 18:15:12	None	None	None	
\\personalcloud.local\Public\K00Y (媽媽平板)\LINE\1481606253793.jpg	2017-05-04 18:15:12	None	None	None	
\\personalcloud.local\Public\K00Y (媽媽平板)\LINE\1481606253903.jpg	2017-05-04 18:15:12	None	None	None	
\\personalcloud.local\Public\K00Y (媽媽平板)\LINE\1481606253966.jpg	2017-05-04 18:15:12	None	None	None	
\\personalcloud.local\Public\K00Y (媽媽平板)\LINE\1481606254015.jpg	2017-05-04 18:15:14	None	None	None	
\\personalcloud.local\Public\K00Y (媽媽平板)\LINE\1481606254067.jpg	2017-05-04 18:15:14	None	None	None	
\\personalcloud.local\Public\K00Y (媽媽平板)\LINE\1481606254117.jpg	2017-05-04 18:15:14	None	None	None	
\\personalcloud.local\Public\K00Y (媽媽平板)\LINE\1481606254173.jpg	2017-05-04 18:15:14	None	None	None	
\\personalcloud.local\Public\K00Y (媽媽平板)\LINE\1481606254261.jpg	2017-05-04 18:15:14	None	None	None	
\\personalcloud.local\Public\K00Y (媽媽平板)\LINE\1481606254314.jpg	2017-05-04 18:15:14	None	None	None	
\\personalcloud.local\Public\K00Y (媽媽平板)\LINE\1481606254379.jpg	2017-05-04 18:15:14	None	None	None	
\\personalcloud.local\Public\K00Y (媽媽平板)\LINE\1481606254457.jpg	2017-05-04 18:15:14	None	None	None	
\\personalcloud.local\Public\K00Y (媽媽平板)\LINE\1481606254540.jpg	2017-05-04 18:15:14	None	None	None	
\\personalcloud.local\Public\K00Y (媽媽平板)\LINE\1481606254619.jpg	2017-05-04 18:15:14	None	None	None	
\\personalcloud.local\Public\K00Y (媽媽平板)\LINE\1481606254789.jpg	2017-05-04 18:15:14	None	None	None	
\\personalcloud.local\Public\K00Y (媽媽平板)\LINE\1481606254894.jpg	2017-05-04 18:15:16	None	None	None	
\\personalcloud.local\Public\K00Y (媽媽平板)\LINE\1481606254981.jpg	2017-05-04 18:15:16	None	None	None	
\\personalcloud.local\Public\K00Y (媽媽平板)\LINE\1481606255062.jpg	2017-05-04 18:15:16	None	None	None	
\\personalcloud.local\Public\K00Y (媽媽平板)\LINE\1481606255154.jpg	2017-05-04 18:15:16	None	None	None	
\\personalcloud.local\Public\K00Y (媽媽平板)\LINE\1481606255235.jpg	2017-05-04 18:15:16	None	None	None	
\\personalcloud.local\Public\K00Y (媽媽平板)\LINE\1481606255312.jpg	2017-05-04 18:15:16	None	None	None	
\\personalcloud.local\Public\K00Y (媽媽平板)\LINE\1481606255513.jpg	2017-05-04 18:15:16	None	None	None	
\\personalcloud.local\Public\K00Y (媽媽平板)\LINE\1481606255612.jpg	2017-05-04 18:15:16	None	None	None	
\\personalcloud.local\Public\K00Y (媽媽平板)\LINE\1481606255700.jpg	2017-05-04 18:15:16	None	None	None	
\\personalcloud.local\Public\K00Y (媽媽平板)\LINE\1481606255784.jpg	2017-05-04 18:15:18	None	None	None	
\\personalcloud.local\Public\K00Y (媽媽平板)\LINE\1481606255868.jpg	2017-05-04 18:15:18	None	None	None	
\\personalcloud.local\Public\K00Y (媽媽平板)\LINE\1481606255960.jpg	2017-05-04 18:15:18	None	None	None	
\\personalcloud.local\Public\K00Y (媽媽平板)\LINE\1481606256073.jpg	2017-05-04 18:15:18	None	None	None	
\\personalcloud.local\Public\K00Y (媽媽平板)\LINE\1481606256173.jpg	2017-05-04 18:15:18	None	None	None	
\\personalcloud.local\Public\K00Y (媽媽平板)\LINE\1481606256265.jpg	2017-05-04 18:15:18	None	None	None	
\\personalcloud.local\Public\K00Y (媽媽平板)\LINE\1481606256344.jpg	2017-05-04 18:15:18	None	None	None	
\\personalcloud.local\Public\K00Y (媽媽平板)\LINE\1481606256434.jpg	2017-05-04 18:15:18	None	None	None	
\\personalcloud.local\Public\K00Y (媽媽平板)\LINE\1481606256523.jpg	2017-05-04 18:15:18	None	None	None	
\\personalcloud.local\Public\K00Y (媽媽平板)\LINE\1481606256610.jpg	2017-05-04 18:15:18	None	None	None	
\\personalcloud.local\Public\K00Y (媽媽平板)\LINE\1481606256745.jpg	2017-05-04 18:15:20	None	None	None	
\\personalcloud.local\Public\K00Y (媽媽平板)\LINE\1481606256857.jpg	2017-05-04 18:15:20	None	None	None	
\\personalcloud.local\Public\K00Y (媽媽平板)\LINE\1481606256944.jpg	2017-05-04 18:15:20	None	None	None	
\\personalcloud.local\Public\K00Y (媽媽平板)\LINE\1481606257026.jpg	2017-05-04 18:15:20	None	None	None	
\\personalcloud.local\Public\K00Y (媽媽平板)\LINE\1481606257268.jpg	2017-05-04 18:15:20	None	None	None	
\\personalcloud.local\Public\K00Y (媽媽平板)\LINE\1481606257406.jpg	2017-05-04 18:15:20	None	None	None	
\\personalcloud.local\Public\K00Y (媽媽平板)\LINE\1481606257619.jpg	2017-05-04 18:15:20	None	None	None	
\\personalcloud.local\Public\K00Y (媽媽平板)\LINE\1481606257710.jpg	2017-05-04 18:15:20	None	None	None	
\\personalcloud.local\Public\K00Y (媽媽平板)\LINE\1481606257797.jpg	2017-05-04 18:15:20	None	None	None	
\\personalcloud.local\Public\K00Y (媽媽平板)\LINE\1481606258017.jpg	2017-05-04 18:15:22	None	None	None	
\\personalcloud.local\Public\K00Y (媽媽平板)\LINE\1481606258107.jpg	2017-05-04 18:15:22	None	None	None	
\\personalcloud.local\Public\K00Y (媽媽平板)\LINE\1481606258198.jpg	2017-05-04 18:15:22	None	None	None	
\\personalcloud.local\Public\K00Y (媽媽平板)\LINE\1481606258307.jpg	2017-05-04 18:15:22	None	None	None	
\\personalcloud.local\Public\K00Y (媽媽平板)\LINE\1481606258393.jpg	2017-05-04 18:15:22	None	None	None	
\\personalcloud.local\Public\K00Y (媽媽平板)\LINE\1481606258474.jpg	2017-05-04 18:15:22	None	None	None	
\\personalcloud.local\Public\K00Y (媽媽平板)\LINE\1481606258566.jpg	2017-05-04 18:15:24	None	None	None	
\\personalcloud.local\Public\K00Y (媽媽平板)\LINE\1481606258650.jpg	2017-05-04 18:15:24	None	None	None	
\\personalcloud.local\Public\K00Y (媽媽平板)\LINE\1481606258732.jpg	2017-05-04 18:15:24	None	None	None	
\\personalcloud.local\Public\K00Y (媽媽平板)\LINE\1481606258812.jpg	2017-05-04 18:15:24	None	None	None	
\\personalcloud.local\Public\K00Y (媽媽平板)\LINE\1481606258954.jpg	2017-05-04 18:15:24	None	None	None	
\\personalcloud.local\Public\K00Y (媽媽平板)\LINE\1481606259040.jpg	2017-05-04 18:15:24	None	None	None	
\\personalcloud.local\Public\K00Y (媽媽平板)\LINE\1481606259117.jpg	2017-05-04 18:15:24	None	None	None	
\\personalcloud.local\Public\K00Y (媽媽平板)\LINE\1481606259200.jpg	2017-05-04 18:15:24	None	None	None	
\\personalcloud.local\Public\K00Y (媽媽平板)\LINE\1481606259279.jpg	2017-05-04 18:15:24	None	None	None	
\\personalcloud.local\Public\K00Y (媽媽平板)\LINE\1481606259359.jpg	2017-05-04 18:15:24	None	None	None	
\\personalcloud.local\Public\K00Y (媽媽平板)\LINE\1481606259731.jpg	2017-05-04 18:15:24	None	None	None	
\\personalcloud.local\Public\K00Y (媽媽平板)\LINE\1481606259825.jpg	2017-05-04 18:15:26	None	None	None	
\\personalcloud.local\Public\K00Y (媽媽平板)\LINE\1481606259942.jpg	2017-05-04 18:15:26	None	None	None	
\\personalcloud.local\Public\K00Y (媽媽平板)\LINE\1481606260799.jpg	2017-05-04 18:15:26	None	None	None	
\\personalcloud.local\Public\K00Y (媽媽平板)\LINE\1481606260889.jpg	2017-05-04 18:15:26	None	None	None	
\\personalcloud.local\Public\K00Y (媽媽平板)\LINE\1481606260969.jpg	2017-05-04 18:15:28	None	None	None	
\\personalcloud.local\Public\K00Y (媽媽平板)\LINE\1481606261057.jpg	2017-05-04 18:15:28	None	None	None	
\\personalcloud.local\Public\K00Y (媽媽平板)\LINE\1481606261142.jpg	2017-05-04 18:15:28	None	None	None	
\\personalcloud.local\Public\K00Y (媽媽平板)\LINE\1481606261308.jpg	2017-05-04 18:15:28	None	None	None	
\\personalcloud.local\Public\K00Y (媽媽平板)\LINE\1481606261402.jpg	2017-05-04 18:15:28	None	None	None	
\\personalcloud.local\Public\K00Y (媽媽平板)\LINE\1481606261487.jpg	2017-05-04 18:15:28	None	None	None	
\\personalcloud.local\Public\K00Y (媽媽平板)\LINE\1481606261577.jpg	2017-05-04 18:15:28	None	None	None	
\\personalcloud.local\Public\K00Y (媽媽平板)\LINE\1481606261674.jpg	2017-05-04 18:15:28	None	None	None	
\\personalcloud.local\Public\K00Y (媽媽平板)\LINE\1481606261980.jpg	2017-05-04 18:15:28	None	None	None	
\\personalcloud.local\Public\K00Y (媽媽平板)\LINE\1481606262149.jpg	2017-05-04 18:15:30	None	None	None	
\\personalcloud.local\Public\K00Y (媽媽平板)\LINE\1481606262249.jpg	2017-05-04 18:15:30	None	None	None	
\\personalcloud.local\Public\K00Y (媽媽平板)\LINE\1481606262336.jpg	2017-05-04 18:15:30	None	None	None	
\\personalcloud.local\Public\K00Y (媽媽平板)\LINE\1481606262492.jpg	2017-05-04 18:15:30	None	None	None	
\\personalcloud.local\Public\K00Y (媽媽平板)\LINE\1481606262579.jpg	2017-05-04 18:15:30	None	None	None	
\\personalcloud.local\Public\K00Y (媽媽平板)\LINE\1481606262639.jpg	2017-05-04 18:15:30	None	None	None	
\\personalcloud.local\Public\K00Y (媽媽平板)\LINE\1481606262718.jpg	2017-05-04 18:15:30	None	None	None	
\\personalcloud.local\Public\K00Y (媽媽平板)\LINE\1481606263303.jpg	2017-05-04 18:15:30	None	None	None	
\\personalcloud.local\Public\K00Y (媽媽平板)\LINE\1481606263390.jpg	2017-05-04 18:15:30	None	None	None	
\\personalcloud.local\Public\K00Y (媽媽平板)\LINE\1481606263486.jpg	2017-05-04 18:15:32	None	None	None	
\\personalcloud.local\Public\K00Y (媽媽平板)\LINE\1481606263575.jpg	2017-05-04 18:15:32	None	None	None	
\\personalcloud.local\Public\K00Y (媽媽平板)\LINE\1481606263744.jpg	2017-05-04 18:15:32	None	None	None	
\\personalcloud.local\Public\K00Y (媽媽平板)\LINE\1481606263798.jpg	2017-05-04 18:15:32	None	None	None	
\\personalcloud.local\Public\K00Y (媽媽平板)\LINE\1481606263912.jpg	2017-05-04 18:15:32	None	None	None	
\\personalcloud.local\Public\K00Y (媽媽平板)\LINE\1481606264013.jpg	2017-05-04 18:15:32	None	None	None	
\\personalcloud.local\Public\K00Y (媽媽平板)\LINE\1481606264102.jpg	2017-05-04 18:15:32	None	None	None	
\\personalcloud.local\Public\K00Y (媽媽平板)\LINE\1481606264178.jpg	2017-05-04 18:15:32	None	None	None	
\\personalcloud.local\Public\K00Y (媽媽平板)\LINE\1481606264265.jpg	2017-05-04 18:15:32	None	None	None	
\\personalcloud.local\Public\K00Y (媽媽平板)\LINE\1481606264343.jpg	2017-05-04 18:15:34	None	None	None	
\\personalcloud.local\Public\K00Y (媽媽平板)\LINE\1481606264479.jpg	2017-05-04 18:15:34	None	None	None	
\\personalcloud.local\Public\K00Y (媽媽平板)\LINE\1481606264799.jpg	2017-05-04 18:15:34	None	None	None	
\\personalcloud.local\Public\K00Y (媽媽平板)\LINE\1481606265473.jpg	2017-05-04 18:15:34	None	None	None	
\\personalcloud.local\Public\K00Y (媽媽平板)\LINE\1481606265635.jpg	2017-05-04 18:15:34	None	None	None	
\\personalcloud.local\Public\K00Y (媽媽平板)\LINE\1481606265977.jpg	2017-05-04 18:15:34	None	None	None	
\\personalcloud.local\Public\K00Y (媽媽平板)\LINE\1481606266064.jpg	2017-05-04 18:15:34	None	None	None	
\\personalcloud.local\Public\K00Y (媽媽平板)\LINE\1481606266150.jpg	2017-05-04 18:15:34	None	None	None	
\\personalcloud.local\Public\K00Y (媽媽平板)\LINE\1481606266237.jpg	2017-05-04 18:15:34	None	None	None	
\\personalcloud.local\Public\K00Y (媽媽平板)\LINE\1481606266319.jpg	2017-05-04 18:15:34	None	None	None	
\\personalcloud.local\Public\K00Y (媽媽平板)\LINE\1481606266401.jpg	2017-05-04 18:15:36	None	None	None	
\\personalcloud.local\Public\K00Y (媽媽平板)\LINE\1481606366105.jpg	2017-05-04 18:15:36	None	None	None	
\\personalcloud.local\Public\K00Y (媽媽平板)\LINE\1481606366760.jpg	2017-05-04 18:15:36	None	None	None	
\\personalcloud.local\Public\K00Y (媽媽平板)\LINE\1481606366844.jpg	2017-05-04 18:15:36	None	None	None	
\\personalcloud.local\Public\K00Y (媽媽平板)\LINE\1481606367429.jpg	2017-05-04 18:15:36	None	None	None	
\\personalcloud.local\Public\K00Y (媽媽平板)\LINE\1481606367577.jpg	2017-05-04 18:15:36	None	None	None	
\\personalcloud.local\Public\K00Y (媽媽平板)\LINE\1481606367670.jpg	2017-05-04 18:15:38	None	None	None	
\\personalcloud.local\Public\K00Y (媽媽平板)\LINE\1481606367761.jpg	2017-05-04 18:15:38	None	None	None	
\\personalcloud.local\Public\K00Y (媽媽平板)\LINE\1481606367850.jpg	2017-05-04 18:15:38	None	None	None	
\\personalcloud.local\Public\K00Y (媽媽平板)\LINE\1481606368271.jpg	2017-05-04 18:15:38	None	None	None	
\\personalcloud.local\Public\K00Y (媽媽平板)\LINE\1481606368325.jpg	2017-05-04 18:15:38	None	None	None	
\\personalcloud.local\Public\K00Y (媽媽平板)\LINE\1481606368486.jpg	2017-05-04 18:15:38	None	None	None	
\\personalcloud.local\Public\K00Y (媽媽平板)\LINE\1481606368597.jpg	2017-05-04 18:15:38	None	None	None	
\\personalcloud.local\Public\K00Y (媽媽平板)\LINE\1481606368702.jpg	2017-05-04 18:15:38	None	None	None	
\\personalcloud.local\Public\K00Y (媽媽平板)\LINE\1481606368799.jpg	2017-05-04 18:15:38	None	None	None	
\\personalcloud.local\Public\K00Y (媽媽平板)\LINE\1481606368890.jpg	2017-05-04 18:15:40	None	None	None	
\\personalcloud.local\Public\K00Y (媽媽平板)\LINE\1481606368982.jpg	2017-05-04 18:15:40	None	None	None	
\\personalcloud.local\Public\K00Y (媽媽平板)\LINE\1481606369081.jpg	2017-05-04 18:15:40	None	None	None	
\\personalcloud.local\Public\K00Y (媽媽平板)\LINE\1481606369381.jpg	2017-05-04 18:15:40	None	None	None	
\\personalcloud.local\Public\K00Y (媽媽平板)\LINE\1481606369757.jpg	2017-05-04 18:15:40	None	None	None	
\\personalcloud.local\Public\K00Y (媽媽平板)\LINE\1481606369850.jpg	2017-05-04 18:15:40	None	None	None	
\\personalcloud.local\Public\K00Y (媽媽平板)\LINE\1481606370215.jpg	2017-05-04 18:15:40	None	None	None	
\\personalcloud.local\Public\K00Y (媽媽平板)\LINE\1481606370361.jpg	2017-05-04 18:15:40	None	None	None	
\\personalcloud.local\Public\K00Y (媽媽平板)\LINE\1481606371236.jpg	2017-05-04 18:15:40	None	None	None	
\\personalcloud.local\Public\K00Y (媽媽平板)\LINE\1481606371327.jpg	2017-05-04 18:15:42	None	None	None	
\\personalcloud.local\Public\K00Y (媽媽平板)\LINE\1481606371418.jpg	2017-05-04 18:15:42	None	None	None	
\\personalcloud.local\Public\K00Y (媽媽平板)\LINE\1481606371747.jpg	2017-05-04 18:15:42	None	None	None	
\\personalcloud.local\Public\K00Y (媽媽平板)\LINE\1481606371809.jpg	2017-05-04 18:15:42	None	None	None	
\\personalcloud.local\Public\K00Y (媽媽平板)\LINE\1481606371889.jpg	2017-05-04 18:15:42	None	None	None	
\\personalcloud.local\Public\K00Y (媽媽平板)\LINE\1481606371977.jpg	2017-05-04 18:15:42	None	None	None	
\\personalcloud.local\Public\K00Y (媽媽平板)\LINE\1481606372041.jpg	2017-05-04 18:15:42	None	None	None	
\\personalcloud.local\Public\K00Y (媽媽平板)\LINE\1481606372180.jpg	2017-05-04 18:15:42	None	None	None	
\\personalcloud.local\Public\K00Y (媽媽平板)\LINE\1481606372246.jpg	2017-05-04 18:15:42	None	None	None	
\\personalcloud.local\Public\K00Y (媽媽平板)\LINE\1481606372477.jpg	2017-05-04 18:15:44	None	None	None	
\\personalcloud.local\Public\K00Y (媽媽平板)\LINE\1481606372541.jpg	2017-05-04 18:15:44	None	None	None	
\\personalcloud.local\Public\K00Y (媽媽平板)\LINE\1481606372617.jpg	2017-05-04 18:15:44	None	None	None	
\\personalcloud.local\Public\K00Y (媽媽平板)\LINE\1481606372699.jpg	2017-05-04 18:15:44	None	None	None	
\\personalcloud.local\Public\K00Y (媽媽平板)\LINE\1481606372824.jpg	2017-05-04 18:15:44	None	None	None	
\\personalcloud.local\Public\K00Y (媽媽平板)\LINE\1481606372919.jpg	2017-05-04 18:15:44	None	None	None	
\\personalcloud.local\Public\K00Y (媽媽平板)\LINE\1481606373005.jpg	2017-05-04 18:15:44	None	None	None	
\\personalcloud.local\Public\K00Y (媽媽平板)\LINE\1481606373171.jpg	2017-05-04 18:15:44	None	None	None	
\\personalcloud.local\Public\K00Y (媽媽平板)\LINE\1481606373251.jpg	2017-05-04 18:15:44	None	None	None	
\\personalcloud.local\Public\K00Y (媽媽平板)\LINE\1481606373338.jpg	2017-05-04 18:15:46	None	None	None	
\\personalcloud.local\Public\K00Y (媽媽平板)\LINE\1481606373442.jpg	2017-05-04 18:15:46	None	None	None	
\\personalcloud.local\Public\K00Y (媽媽平板)\LINE\1481606373526.jpg	2017-05-04 18:15:46	None	None	None	
\\personalcloud.local\Public\K00Y (媽媽平板)\LINE\1481606373651.jpg	2017-05-04 18:15:46	None	None	None	
\\personalcloud.local\Public\K00Y (媽媽平板)\LINE\1481606374938.jpg	2017-05-04 18:15:46	None	None	None	
\\personalcloud.local\Public\K00Y (媽媽平板)\LINE\1481606375429.jpg	2017-05-04 18:15:46	None	None	None	
\\personalcloud.local\Public\K00Y (媽媽平板)\LINE\1481606375754.jpg	2017-05-04 18:15:46	None	None	None	
\\personalcloud.local\Public\K00Y (媽媽平板)\LINE\1481606375918.jpg	2017-05-04 18:15:46	None	None	None	
\\personalcloud.local\Public\K00Y (媽媽平板)\LINE\1481606376291.jpg	2017-05-04 18:15:48	None	None	None	
\\personalcloud.local\Public\K00Y (媽媽平板)\LINE\1481606376369.jpg	2017-05-04 18:15:48	None	None	None	
\\personalcloud.local\Public\K00Y (媽媽平板)\LINE\1481606376452.jpg	2017-05-04 18:15:48	None	None	None	
\\personalcloud.local\Public\K00Y (媽媽平板)\LINE\1481606376711.jpg	2017-05-04 18:15:48	None	None	None	
\\personalcloud.local\Public\K00Y (媽媽平板)\LINE\1481606381134.jpg	2017-05-04 18:15:48	None	None	None	
\\personalcloud.local\Public\K00Y (媽媽平板)\LINE\1481606381833.jpg	2017-05-04 18:15:48	None	None	None	
\\personalcloud.local\Public\K00Y (媽媽平板)\LINE\1481606381927.jpg	2017-05-04 18:15:48	None	None	None	
\\personalcloud.local\Public\K00Y (媽媽平板)\LINE\1481606382082.jpg	2017-05-04 18:15:48	None	None	None	
\\personalcloud.local\Public\K00Y (媽媽平板)\LINE\1481606382373.jpg	2017-05-04 18:15:48	None	None	None	
\\personalcloud.local\Public\K00Y (媽媽平板)\LINE\1481606382461.jpg	2017-05-04 18:15:48	None	None	None	
\\personalcloud.local\Public\K00Y (媽媽平板)\LINE\1481606383185.jpg	2017-05-04 18:15:48	None	None	None	
\\personalcloud.local\Public\K00Y (媽媽平板)\LINE\1481606383267.jpg	2017-05-04 18:15:50	None	None	None	
\\personalcloud.local\Public\K00Y (媽媽平板)\LINE\1481606383407.jpg	2017-05-04 18:15:50	None	None	None	
\\personalcloud.local\Public\K00Y (媽媽平板)\LINE\1481606383730.jpg	2017-05-04 18:15:50	None	None	None	
\\personalcloud.local\Public\K00Y (媽媽平板)\LINE\1481606383807.jpg	2017-05-04 18:15:50	None	None	None	
\\personalcloud.local\Public\K00Y (媽媽平板)\LINE\1481606383969.jpg	2017-05-04 18:15:50	None	None	None	
\\personalcloud.local\Public\K00Y (媽媽平板)\LINE\1481606384388.jpg	2017-05-04 18:15:50	None	None	None	
\\personalcloud.local\Public\K00Y (媽媽平板)\LINE\1481606384477.jpg	2017-05-04 18:15:50	None	None	None	
\\personalcloud.local\Public\K00Y (媽媽平板)\LINE\1481606384656.jpg	2017-05-04 18:15:50	None	None	None	
\\personalcloud.local\Public\K00Y (媽媽平板)\LINE\1481606384892.jpg	2017-05-04 18:15:50	None	None	None	
\\personalcloud.local\Public\K00Y (媽媽平板)\LINE\1481606385146.jpg	2017-05-04 18:15:52	None	None	None	
\\personalcloud.local\Public\K00Y (媽媽平板)\LINE\1481606385216.jpg	2017-05-04 18:15:52	None	None	None	
\\personalcloud.local\Public\K00Y (媽媽平板)\LINE\1481606385326.jpg	2017-05-04 18:15:52	None	None	None	
\\personalcloud.local\Public\K00Y (媽媽平板)\LINE\1481606385437.jpg	2017-05-04 18:15:52	None	None	None	
\\personalcloud.local\Public\K00Y (媽媽平板)\LINE\1481606385536.jpg	2017-05-04 18:15:52	None	None	None	
\\personalcloud.local\Public\K00Y (媽媽平板)\LINE\1481606385611.jpg	2017-05-04 18:15:52	None	None	None	
\\personalcloud.local\Public\K00Y (媽媽平板)\LINE\1481606388270.jpg	2017-05-04 18:15:52	None	None	None	
\\personalcloud.local\Public\K00Y (媽媽平板)\LINE\1481606389155.jpg	2017-05-04 18:15:52	None	None	None	
\\personalcloud.local\Public\K00Y (媽媽平板)\LINE\1481606393670.jpg	2017-05-04 18:15:54	None	None	None	
\\personalcloud.local\Public\K00Y (媽媽平板)\LINE\1481606395425.jpg	2017-05-04 18:15:54	None	None	None	
\\personalcloud.local\Public\K00Y (媽媽平板)\LINE\1481606396106.jpg	2017-05-04 18:15:54	None	None	None	
\\personalcloud.local\Public\K00Y (媽媽平板)\LINE\1481606397293.jpg	2017-05-04 18:15:54	None	None	None	
\\personalcloud.local\Public\K00Y (媽媽平板)\LINE\1483256423634.jpg	2017-05-04 18:15:54	None	None	None	
\\personalcloud.local\Public\K00Y (媽媽平板)\LINE\1483256423635.jpg	2017-05-04 18:15:54	None	None	None	
\\personalcloud.local\Public\K00Y (媽媽平板)\LINE\1486943268471.jpg	2017-05-04 18:15:54	None	None	None	
\\personalcloud.local\Public\K00Y (媽媽平板)\LINE\1486943273273.jpg	2017-05-04 18:15:54	None	None	None	
\\personalcloud.local\Public\K00Y (媽媽平板)\LINE\1486943276425.jpg	2017-05-04 18:15:56	None	None	None	
\\personalcloud.local\Public\K00Y (媽媽平板)\LINE\1486943277609.jpg	2017-05-04 18:15:56	None	None	None	
\\personalcloud.local\Public\K00Y (媽媽平板)\LINE\1486943364968.jpg	2017-05-04 18:15:56	None	None	None	
\\personalcloud.local\Public\K00Y (媽媽平板)\LINE\1486943366668.jpg	2017-05-04 18:15:56	None	None	None	
\\personalcloud.local\Public\K00Y (媽媽平板)\LINE\1486943368040.jpg	2017-05-04 18:15:56	None	None	None	
\\personalcloud.local\Public\K00Y (媽媽平板)\LINE\1486943369546.jpg	2017-05-04 18:15:56	None	None	None	
\\personalcloud.local\Public\K00Y (媽媽平板)\LINE\1486943381531.jpg	2017-05-04 18:15:56	None	None	None	
\\personalcloud.local\Public\K00Y (媽媽平板)\LINE\1486943392571.jpg	2017-05-04 18:15:58	None	None	None	
\\personalcloud.local\Public\K00Y (媽媽平板)\LINE\1488537929524.jpg	2017-05-04 18:15:58	None	None	None	
\\personalcloud.local\Public\K00Y (媽媽平板)\LINE\1488537929525.jpg	2017-05-04 18:15:58	None	None	None	
\\personalcloud.local\Public\K00Y (媽媽平板)\LINE\1489038231034.jpg	2017-05-04 18:15:58	None	None	None	
\\personalcloud.local\Public\K00Y (媽媽平板)\LINE\1489379828603.jpg	2017-05-04 18:15:58	None	None	None	
\\personalcloud.local\Public\K00Y (媽媽平板)\LINE\1489379829044.jpg	2017-05-04 18:15:58	None	None	None	
\\personalcloud.local\Public\K00Y (媽媽平板)\LINE\1489379836595.jpg	2017-05-04 18:15:58	None	None	None	
\\personalcloud.local\Public\K00Y (媽媽平板)\LINE\1489379841121.jpg	2017-05-04 18:15:58	None	None	None	
\\personalcloud.local\Public\K00Y (媽媽平板)\LINE\1489379852263.jpg	2017-05-04 18:16:00	None	None	None	
\\personalcloud.local\Public\K00Y (媽媽平板)\MyASUS\MyASUSBanner$tw$1200$856$1424750400000.jpg	2017-05-04 18:15:06	None	None	None	
\\personalcloud.local\Public\K00Y (媽媽平板)\Photo\IMG_20160306_160759.jpg	2016-03-06 16:07:59	None	None	None	
\\personalcloud.local\Public\K00Y (媽媽平板)\Photo\IMG_20160319_162148.jpg	2016-03-19 16:21:48	None	None	None	
\\personalcloud.local\Public\K00Y (媽媽平板)\Photo\IMG_20160319_162206.jpg	2016-03-19 16:22:06	None	None	None	
\\personalcloud.local\Public\K00Y (媽媽平板)\Photo\IMG_20160412_140740.jpg	2016-04-12 14:07:40	None	None	None	
\\personalcloud.local\Public\K00Y (媽媽平板)\Photo\IMG_20160412_140754.jpg	2016-04-12 14:07:54	None	None	None	
\\personalcloud.local\Public\K00Y (媽媽平板)\Photo\IMG_20160412_140902.jpg	2016-04-12 14:09:02	None	None	None	
\\personalcloud.local\Public\K00Y (媽媽平板)\Photo\IMG_20160412_140917.jpg	2016-04-12 14:09:17	None	None	None	
\\personalcloud.local\Public\K00Y (媽媽平板)\Photo\IMG_20160524_083621.jpg	2016-05-24 08:36:21	None	None	None	
\\personalcloud.local\Public\K00Y (媽媽平板)\Photo\IMG_20160925_132116.jpg	2016-09-25 13:21:16	None	None	None	
\\personalcloud.local\Public\K00Y (媽媽平板)\Photo\IMG_20160925_132140-1.jpg	2016-09-25 13:21:40	None	None	None	
\\personalcloud.local\Public\K00Y (媽媽平板)\Photo\IMG_20160925_132140.jpg	2016-09-25 13:21:40	None	None	None	
\\personalcloud.local\Public\K00Y (媽媽平板)\Photo\IMG_20160925_135610.jpg	2016-09-25 13:56:10	None	None	None	
\\personalcloud.local\Public\K00Y (媽媽平板)\Photo\IMG_20160925_135638.jpg	2016-09-25 13:56:38	None	None	None	
\\personalcloud.local\Public\K00Y (媽媽平板)\Photo\IMG_20160925_135834.jpg	2016-09-25 13:58:34	None	None	None	
\\personalcloud.local\Public\K00Y (媽媽平板)\Photo\IMG_20160925_143023.jpg	2016-09-25 14:30:23	None	None	None	
\\personalcloud.local\Public\K00Y (媽媽平板)\Photo\IMG_20161022_095611.jpg	2016-10-22 09:56:11	None	None	None	
\\personalcloud.local\Public\K00Y (媽媽平板)\Photo\IMG_20161022_114501.jpg	2016-10-22 11:45:01	None	None	None	
\\personalcloud.local\Public\K00Y (媽媽平板)\Photo\IMG_20161023_150704.jpg	2016-10-23 15:07:04	None	None	None	
\\personalcloud.local\Public\K00Y (媽媽平板)\Photo\P_20140703_085138.jpg	2014-07-03 08:51:38	None	None	None	
\\personalcloud.local\Public\K00Y (媽媽平板)\Photo\P_20140703_085328.jpg	2014-07-03 08:53:27	None	None	None	
\\personalcloud.local\Public\K00Y (媽媽平板)\Photo\P_20140703_085330.jpg	2014-07-03 08:53:30	None	None	None	
\\personalcloud.local\Public\K00Y (媽媽平板)\Photo\P_20140703_093202.jpg	2014-07-03 09:32:01	None	None	None	
\\personalcloud.local\Public\K00Y (媽媽平板)\Photo\P_20140703_093255.jpg	2014-07-03 09:32:54	None	None	None	
\\personalcloud.local\Public\K00Y (媽媽平板)\Photo\P_20140719_171757.jpg	2014-07-19 17:17:56	None	None	None	
\\personalcloud.local\Public\K00Y (媽媽平板)\Photo\P_20140721_184530.jpg	2014-07-21 18:45:28	None	None	None	
\\personalcloud.local\Public\K00Y (媽媽平板)\Photo\P_20140721_184538.jpg	2014-07-21 18:45:37	None	None	None	
\\personalcloud.local\Public\K00Y (媽媽平板)\Photo\P_20140721_184549.jpg	2014-07-21 18:45:48	None	None	None	
\\personalcloud.local\Public\K00Y (媽媽平板)\Photo\P_20140823_120831.jpg	2014-08-23 12:08:29	None	None	None	
\\personalcloud.local\Public\K00Y (媽媽平板)\Photo\P_20140908_115620.jpg	2014-09-08 11:56:19	None	None	None	
\\personalcloud.local\Public\K00Y (媽媽平板)\Photo\P_20140908_115624.jpg	2014-09-08 11:56:22	None	None	None	
\\personalcloud.local\Public\K00Y (媽媽平板)\Photo\P_20140908_115633.jpg	2014-09-08 11:56:31	None	None	None	
\\personalcloud.local\Public\K00Y (媽媽平板)\Photo\P_20140908_115727.jpg	2014-09-08 11:57:26	None	None	None	
\\personalcloud.local\Public\K00Y (媽媽平板)\Photo\P_20140920_203852.jpg	2014-09-20 20:38:52	None	None	None	
\\personalcloud.local\Public\K00Y (媽媽平板)\Photo\P_20140927_192956.jpg	2014-09-27 19:29:56	None	None	None	
\\personalcloud.local\Public\K00Y (媽媽平板)\Photo\P_20141018_154641.jpg	2014-10-18 15:46:39	None	None	None	
\\personalcloud.local\Public\K00Y (媽媽平板)\Photo\P_20141018_154646.jpg	2014-10-18 15:46:44	None	None	None	
\\personalcloud.local\Public\K00Y (媽媽平板)\Photo\P_20141018_154650.jpg	2014-10-18 15:46:48	None	None	None	
\\personalcloud.local\Public\K00Y (媽媽平板)\Photo\P_20141018_154719.jpg	2014-10-18 15:47:17	None	None	None	
\\personalcloud.local\Public\K00Y (媽媽平板)\Photo\P_20141025_200436.jpg	2014-10-25 20:04:35	None	None	None	
\\personalcloud.local\Public\K00Y (媽媽平板)\Photo\P_20141025_200512.jpg	2014-10-25 20:05:10	None	None	None	
\\personalcloud.local\Public\K00Y (媽媽平板)\Photo\P_20141108_102112.jpg	2014-11-08 10:21:12	None	None	None	
\\personalcloud.local\Public\K00Y (媽媽平板)\Photo\P_20141108_102124.jpg	2014-11-08 10:21:24	None	None	None	
\\personalcloud.local\Public\K00Y (媽媽平板)\Photo\P_20141108_103327.jpg	2014-11-08 10:33:26	None	None	None	
\\personalcloud.local\Public\K00Y (媽媽平板)\Photo\P_20141108_103342.jpg	2014-11-08 10:33:41	None	None	None	
\\personalcloud.local\Public\K00Y (媽媽平板)\Photo\P_20141108_103625.jpg	2014-11-08 10:36:24	None	None	None	
\\personalcloud.local\Public\K00Y (媽媽平板)\Photo\P_20141108_142534.jpg	2014-11-08 14:25:34	None	None	None	
\\personalcloud.local\Public\K00Y (媽媽平板)\Photo\P_20141207_083927.jpg	2014-12-07 08:39:26	None	None	None	
\\personalcloud.local\Public\K00Y (媽媽平板)\Photo\P_20141207_083950.jpg	2014-12-07 08:39:48	None	None	None	
\\personalcloud.local\Public\K00Y (媽媽平板)\Photo\P_20141207_084005.jpg	2014-12-07 08:40:04	None	None	None	
\\personalcloud.local\Public\K00Y (媽媽平板)\Photo\P_20141207_084301.jpg	2014-12-07 08:42:59	None	None	None	
\\personalcloud.local\Public\K00Y (媽媽平板)\Photo\P_20150221_130407.jpg	2015-02-21 13:04:05	None	None	None	
\\personalcloud.local\Public\K00Y (媽媽平板)\Photo\P_20150221_130412.jpg	2015-02-21 13:04:10	None	None	None	
\\personalcloud.local\Public\K00Y (媽媽平板)\Photo\P_20150322_195625.jpg	2015-03-22 19:56:25	None	None	None	
\\personalcloud.local\Public\K00Y (媽媽平板)\Photo\P_20150322_195631.jpg	2015-03-22 19:56:30	None	None	None	
\\personalcloud.local\Public\K00Y (媽媽平板)\Photo\P_20150322_195635.jpg	2015-03-22 19:56:35	None	None	None	
\\personalcloud.local\Public\K00Y (媽媽平板)\Photo\P_20150403_191705.jpg	2015-04-03 19:17:04	None	None	None	
\\personalcloud.local\Public\K00Y (媽媽平板)\Photo\P_20150403_191711.jpg	2015-04-03 19:17:09	None	None	None	
\\personalcloud.local\Public\K00Y (媽媽平板)\Photo\P_20151108_191446.jpg	2015-11-08 19:14:45	None	None	None	
\\personalcloud.local\Public\K00Y (媽媽平板)\Photo\P_20151108_191508.jpg	2015-11-08 19:15:06	None	None	None	
\\personalcloud.local\Public\K00Y (媽媽平板)\Photo\P_20160116_190405.jpg	2016-01-16 19:04:01	None	None	None	
\\personalcloud.local\Public\K00Y (媽媽平板)\Photo\P_20160116_190501.jpg	2016-01-16 19:05:00	None	None	None	
\\personalcloud.local\Public\K00Y (媽媽平板)\Photo\P_20160116_200753.jpg	2016-01-16 20:07:52	None	None	None	
\\personalcloud.local\Public\K00Y (媽媽平板)\Photo\P_20160116_200819.jpg	2016-01-16 20:08:17	None	None	None	
\\personalcloud.local\Public\K00Y (媽媽平板)\Photo\P_20160210_084737.jpg	2016-02-10 08:47:35	None	None	None	
\\personalcloud.local\Public\K00Y (媽媽平板)\Photo\P_20160210_084741.jpg	2016-02-10 08:47:39	None	None	None	
\\personalcloud.local\Public\K00Y (媽媽平板)\Photo\P_20160210_084744.jpg	2016-02-10 08:47:43	None	None	None	
\\personalcloud.local\Public\K00Y (媽媽平板)\Photo\P_20160210_084747.jpg	2016-02-10 08:47:46	None	None	None	
\\personalcloud.local\Public\K00Y (媽媽平板)\Photo\P_20160210_084752.jpg	2016-02-10 08:47:51	None	None	None	
\\personalcloud.local\Public\K00Y (媽媽平板)\Photo\P_20160210_084755.jpg	2016-02-10 08:47:54	None	None	None	
\\personalcloud.local\Public\K00Y (媽媽平板)\Photo\P_20160210_084759.jpg	2016-02-10 08:47:57	None	None	None	
\\personalcloud.local\Public\K00Y (媽媽平板)\Photo\P_20160228_072335.jpg	2016-02-28 07:23:35	None	None	None	
\\personalcloud.local\Public\K00Y (媽媽平板)\Photo\P_20160228_080044.jpg	2016-02-28 08:00:43	None	None	None	
\\personalcloud.local\Public\K00Y (媽媽平板)\Photo\P_20160228_080206.jpg	2016-02-28 08:02:05	None	None	None	
\\personalcloud.local\Public\K00Y (媽媽平板)\Photo\P_20160228_141411.jpg	2016-02-28 14:14:11	None	None	None	
\\personalcloud.local\Public\K00Y (媽媽平板)\Photo\P_20160228_143335.jpg	2016-02-28 14:33:34	None	None	None	
\\personalcloud.local\Public\K00Y (媽媽平板)\Photo\P_20160228_143525.jpg	2016-02-28 14:35:24	None	None	None	
\\personalcloud.local\Public\K00Y (媽媽平板)\Photo\P_20160228_143538.jpg	2016-02-28 14:35:37	None	None	None	
\\personalcloud.local\Public\K00Y (媽媽平板)\Photo\P_20160229_090055.jpg	2016-02-29 09:00:54	None	None	None	
\\personalcloud.local\Public\K00Y (媽媽平板)\Photo\P_20160229_090105.jpg	2016-02-29 09:01:05	None	None	None	
\\personalcloud.local\Public\K00Y (媽媽平板)\Photo\P_20160229_163735.jpg	2016-02-29 16:37:35	None	None	None	
\\personalcloud.local\Public\K00Y (媽媽平板)\Photo\P_20160229_164010.jpg	2016-02-29 16:40:09	None	None	None	
\\personalcloud.local\Public\K00Y (媽媽平板)\Photo\P_20160229_164300.jpg	2016-02-29 16:42:59	None	None	None	
\\personalcloud.local\Public\K00Y (媽媽平板)\Photo\P_20160229_164426.jpg	2016-02-29 16:44:26	None	None	None	
\\personalcloud.local\Public\K00Y (媽媽平板)\Photo\P_20160304_163709.jpg	2016-03-04 16:37:08	None	None	None	
\\personalcloud.local\Public\K00Y (媽媽平板)\Photo\P_20160304_163716.jpg	2016-03-04 16:37:15	None	None	None	
\\personalcloud.local\Public\K00Y (媽媽平板)\Photo\P_20160304_163723.jpg	2016-03-04 16:37:22	None	None	None	
\\personalcloud.local\Public\K00Y (媽媽平板)\Photo\P_20160304_163731.jpg	2016-03-04 16:37:30	None	None	None	
\\personalcloud.local\Public\K00Y (媽媽平板)\Photo\P_20160304_163742.jpg	2016-03-04 16:37:41	None	None	None	
\\personalcloud.local\Public\K00Y (媽媽平板)\Photo\P_20160304_164925.jpg	2016-03-04 16:49:24	None	None	None	
\\personalcloud.local\Public\K00Y (媽媽平板)\Photo\P_20160304_164941.jpg	2016-03-04 16:49:40	None	None	None	
\\personalcloud.local\Public\K00Y (媽媽平板)\Photo\P_20160304_164944.jpg	2016-03-04 16:49:43	None	None	None	
\\personalcloud.local\Public\K00Y (媽媽平板)\Photo\P_20160304_164948.jpg	2016-03-04 16:49:47	None	None	None	
\\personalcloud.local\Public\K00Y (媽媽平板)\Photo\P_20160304_164951.jpg	2016-03-04 16:49:50	None	None	None	
\\personalcloud.local\Public\K00Y (媽媽平板)\Photo\P_20160304_165025.jpg	2016-03-04 16:50:23	None	None	None	
\\personalcloud.local\Public\K00Y (媽媽平板)\Photo\P_20160304_165036.jpg	2016-03-04 16:50:35	None	None	None	
\\personalcloud.local\Public\K00Y (媽媽平板)\Photo\P_20160304_165039.jpg	2016-03-04 16:50:38	None	None	None	
\\personalcloud.local\Public\K00Y (媽媽平板)\Photo\P_20160304_172813.jpg	2016-03-04 17:28:12	None	None	None	
\\personalcloud.local\Public\K00Y (媽媽平板)\Photo\P_20160304_172817.jpg	2016-03-04 17:28:16	None	None	None	
\\personalcloud.local\Public\K00Y (媽媽平板)\Photo\P_20160304_173214.jpg	2016-03-04 17:32:13	None	None	None	
\\personalcloud.local\Public\K00Y (媽媽平板)\Photo\P_20160304_173220.jpg	2016-03-04 17:32:18	None	None	None	
\\personalcloud.local\Public\K00Y (媽媽平板)\Photo\P_20160304_173416.jpg	2016-03-04 17:34:15	None	None	None	
\\personalcloud.local\Public\K00Y (媽媽平板)\Photo\P_20160304_173422.jpg	2016-03-04 17:34:21	None	None	None	
\\personalcloud.local\Public\K00Y (媽媽平板)\Photo\P_20160304_173931.jpg	2016-03-04 17:39:30	None	None	None	
\\personalcloud.local\Public\K00Y (媽媽平板)\Photo\P_20160304_173945.jpg	2016-03-04 17:39:44	None	None	None	
\\personalcloud.local\Public\K00Y (媽媽平板)\Photo\P_20160304_174235.jpg	2016-03-04 17:42:35	None	None	None	
\\personalcloud.local\Public\K00Y (媽媽平板)\Photo\P_20160304_174314.jpg	2016-03-04 17:43:14	None	None	None	
\\personalcloud.local\Public\K00Y (媽媽平板)\Photo\P_20160304_174436.jpg	2016-03-04 17:44:35	None	None	None	
\\personalcloud.local\Public\K00Y (媽媽平板)\Photo\P_20160304_174443.jpg	2016-03-04 17:44:42	None	None	None	
\\personalcloud.local\Public\K00Y (媽媽平板)\Photo\P_20160304_174446.jpg	2016-03-04 17:44:45	None	None	None	
\\personalcloud.local\Public\K00Y (媽媽平板)\Photo\P_20160304_174448.jpg	2016-03-04 17:44:47	None	None	None	
\\personalcloud.local\Public\K00Y (媽媽平板)\Photo\P_20160304_174450.jpg	2016-03-04 17:44:49	None	None	None	
\\personalcloud.local\Public\K00Y (媽媽平板)\Photo\P_20160304_174501.jpg	2016-03-04 17:45:00	None	None	None	
\\personalcloud.local\Public\K00Y (媽媽平板)\Photo\P_20160304_174504.jpg	2016-03-04 17:45:03	None	None	None	
\\personalcloud.local\Public\K00Y (媽媽平板)\Photo\P_20160304_174506.jpg	2016-03-04 17:45:05	None	None	None	
\\personalcloud.local\Public\K00Y (媽媽平板)\Photo\P_20160304_174540.jpg	2016-03-04 17:45:39	None	None	None	
\\personalcloud.local\Public\K00Y (媽媽平板)\Photo\P_20160304_174605.jpg	2016-03-04 17:46:04	None	None	None	
\\personalcloud.local\Public\K00Y (媽媽平板)\Photo\P_20160304_174607.jpg	2016-03-04 17:46:06	None	None	None	
\\personalcloud.local\Public\K00Y (媽媽平板)\Photo\P_20160304_192810.jpg	2016-03-04 19:28:09	None	None	None	
\\personalcloud.local\Public\K00Y (媽媽平板)\Photo\P_20160304_192815.jpg	2016-03-04 19:28:13	None	None	None	
\\personalcloud.local\Public\K00Y (媽媽平板)\Photo\P_20160304_192822.jpg	2016-03-04 19:28:21	None	None	None	
\\personalcloud.local\Public\K00Y (媽媽平板)\Photo\P_20160304_192928.jpg	2016-03-04 19:29:26	None	None	None	
\\personalcloud.local\Public\K00Y (媽媽平板)\Photo\P_20160304_193547_NT.jpg	2016-03-04 19:35:46	None	None	None	
\\personalcloud.local\Public\K00Y (媽媽平板)\Photo\P_20160304_194337_NT.jpg	2016-03-04 19:43:36	None	None	None	
\\personalcloud.local\Public\K00Y (媽媽平板)\Photo\P_20160304_194359_NT.jpg	2016-03-04 19:43:58	None	None	None	
\\personalcloud.local\Public\K00Y (媽媽平板)\Photo\P_20160304_194410_NT.jpg	2016-03-04 19:44:09	None	None	None	
\\personalcloud.local\Public\K00Y (媽媽平板)\Photo\P_20160304_194425.jpg	2016-03-04 19:44:24	None	None	None	
\\personalcloud.local\Public\K00Y (媽媽平板)\Photo\P_20160304_194441.jpg	2016-03-04 19:44:39	None	None	None	
\\personalcloud.local\Public\K00Y (媽媽平板)\Photo\P_20160304_194450_NT.jpg	2016-03-04 19:44:48	None	None	None	
\\personalcloud.local\Public\K00Y (媽媽平板)\Photo\P_20160304_194456_NT.jpg	2016-03-04 19:44:54	None	None	None	
\\personalcloud.local\Public\K00Y (媽媽平板)\Photo\P_20160304_194619_NT.jpg	2016-03-04 19:46:17	None	None	None	
\\personalcloud.local\Public\K00Y (媽媽平板)\Photo\P_20160304_194624_NT.jpg	2016-03-04 19:46:23	None	None	None	
\\personalcloud.local\Public\K00Y (媽媽平板)\Photo\P_20160304_194731_NT.jpg	2016-03-04 19:47:29	None	None	None	
\\personalcloud.local\Public\K00Y (媽媽平板)\Photo\P_20160304_194734_NT.jpg	2016-03-04 19:47:33	None	None	None	
\\personalcloud.local\Public\K00Y (媽媽平板)\Photo\P_20160304_194807_NT.jpg	2016-03-04 19:48:05	None	None	None	
\\personalcloud.local\Public\K00Y (媽媽平板)\Photo\P_20160304_195025_NT.jpg	2016-03-04 19:50:24	None	None	None	
\\personalcloud.local\Public\K00Y (媽媽平板)\Photo\P_20160304_201918_NT.jpg	2016-03-04 20:19:18	None	None	None	
\\personalcloud.local\Public\K00Y (媽媽平板)\Photo\P_20160304_202026_NT.jpg	2016-03-04 20:20:26	None	None	None	
\\personalcloud.local\Public\K00Y (媽媽平板)\Photo\P_20160304_202059_NT.jpg	2016-03-04 20:20:59	None	None	None	
\\personalcloud.local\Public\K00Y (媽媽平板)\Photo\P_20160304_202135_NT.jpg	2016-03-04 20:21:35	None	None	None	
\\personalcloud.local\Public\K00Y (媽媽平板)\Photo\P_20160304_202201_NT.jpg	2016-03-04 20:22:01	None	None	None	
\\personalcloud.local\Public\K00Y (媽媽平板)\Photo\P_20160304_202405_NT.jpg	2016-03-04 20:24:05	None	None	None	
\\personalcloud.local\Public\K00Y (媽媽平板)\Photo\P_20160304_202556_NT.jpg	2016-03-04 20:25:54	None	None	None	
\\personalcloud.local\Public\K00Y (媽媽平板)\Photo\P_20160304_202728_NT.jpg	2016-03-04 20:27:27	None	None	None	
\\personalcloud.local\Public\K00Y (媽媽平板)\Photo\P_20160304_202918_NT.jpg	2016-03-04 20:29:18	None	None	None	
\\personalcloud.local\Public\K00Y (媽媽平板)\Photo\P_20160304_203638_NT.jpg	2016-03-04 20:36:38	None	None	None	
\\personalcloud.local\Public\K00Y (媽媽平板)\Photo\P_20160304_203705_NT.jpg	2016-03-04 20:37:04	None	None	None	
\\personalcloud.local\Public\K00Y (媽媽平板)\Photo\P_20160304_204928_NT.jpg	2016-03-04 20:49:28	None	None	None	
\\personalcloud.local\Public\K00Y (媽媽平板)\Photo\P_20160304_205056_NT.jpg	2016-03-04 20:50:56	None	None	None	
\\personalcloud.local\Public\K00Y (媽媽平板)\Photo\P_20160501_074153.jpg	2016-05-01 07:41:53	None	None	None	
\\personalcloud.local\Public\K00Y (媽媽平板)\Photo\P_20160501_074200.jpg	2016-05-01 07:42:00	None	None	None	
\\personalcloud.local\Public\K00Y (媽媽平板)\Photo\P_20160501_074213.jpg	2016-05-01 07:42:13	None	None	None	
\\personalcloud.local\Public\K00Y (媽媽平板)\Photo\P_20160501_132322.jpg	2016-05-01 13:23:22	None	None	None	
\\personalcloud.local\Public\K00Y (媽媽平板)\Photo\P_20160501_132328.jpg	2016-05-01 13:23:27	None	None	None	
\\personalcloud.local\Public\K00Y (媽媽平板)\Photo\P_20160501_132354.jpg	2016-05-01 13:23:53	None	None	None	
\\personalcloud.local\Public\K00Y (媽媽平板)\Photo\P_20160501_132454.jpg	2016-05-01 13:24:54	None	None	None	
\\personalcloud.local\Public\K00Y (媽媽平板)\Photo\P_20160524_161004.jpg	2016-05-24 16:10:03	None	None	None	
\\personalcloud.local\Public\K00Y (媽媽平板)\P_20161116_123118\P_20161116_123118_001.jpg	2016-11-16 12:31:18	None	None	None	
\\personalcloud.local\Public\K00Y (媽媽平板)\P_20161116_123118\P_20161116_123118_002.jpg	2016-11-16 12:31:18	None	None	None	
\\personalcloud.local\Public\K00Y (媽媽平板)\DCIM\Camera\V_20141207_084654.mp4	2014-12-07 08:46:54	None	None	None	
\\personalcloud.local\Public\K00Y (媽媽平板)\DCIM\UCam\VID_20140628_190040.3gp	2014-06-28 19:00:40	None	None	None	
\\personalcloud.local\Public\K00Y (媽媽平板)\Pictures\LINE_MOVIE\LINE_MOVIE_1486787238164.mp4	2017-05-04 18:18:52	None	None	None	
\\personalcloud.local\Public\K00Y (媽媽平板)\Pictures\LINE_MOVIE\LINE_MOVIE_1486787259827.mp4	2017-05-04 18:18:52	None	None	None	
\\personalcloud.local\Public\K00Y (媽媽平板)\內部儲存空間\MyASUS\MyASUSBanner$tw$1200$856$1424750400000.jpg	2017-05-08 19:51:29	None	None	None	
\\personalcloud.local\Public\K00Y (媽媽平板)\內部儲存空間\DCIM\.thumbnails\1478438883450.jpg	2016-11-06 21:28:03	None	None	None	
\\personalcloud.local\Public\K00Y (媽媽平板)\內部儲存空間\DCIM\.thumbnails\1478438884103.jpg	2016-11-06 21:28:04	None	None	None	
\\personalcloud.local\Public\K00Y (媽媽平板)\內部儲存空間\DCIM\.thumbnails\1478438884693.jpg	2016-11-06 21:28:04	None	None	None	
\\personalcloud.local\Public\K00Y (媽媽平板)\內部儲存空間\DCIM\.thumbnails\1478438885311.jpg	2016-11-06 21:28:05	None	None	None	
\\personalcloud.local\Public\K00Y (媽媽平板)\內部儲存空間\DCIM\.thumbnails\1478438885963.jpg	2016-11-06 21:28:06	None	None	None	
\\personalcloud.local\Public\K00Y (媽媽平板)\內部儲存空間\DCIM\.thumbnails\1478438886670.jpg	2016-11-06 21:28:06	None	None	None	
\\personalcloud.local\Public\K00Y (媽媽平板)\內部儲存空間\DCIM\.thumbnails\1478438887281.jpg	2016-11-06 21:28:07	None	None	None	
\\personalcloud.local\Public\K00Y (媽媽平板)\內部儲存空間\DCIM\.thumbnails\1478438887963.jpg	2016-11-06 21:28:07	None	None	None	
\\personalcloud.local\Public\K00Y (媽媽平板)\內部儲存空間\DCIM\.thumbnails\1478438888309.jpg	2016-11-06 21:28:08	None	None	None	
\\personalcloud.local\Public\K00Y (媽媽平板)\內部儲存空間\DCIM\.thumbnails\1478438889299.jpg	2016-11-06 21:28:09	None	None	None	
\\personalcloud.local\Public\K00Y (媽媽平板)\內部儲存空間\DCIM\.thumbnails\1478439236204.jpg	2016-11-06 21:33:56	None	None	None	
\\personalcloud.local\Public\K00Y (媽媽平板)\內部儲存空間\DCIM\.thumbnails\1478439238153.jpg	2016-11-06 21:33:58	None	None	None	
\\personalcloud.local\Public\K00Y (媽媽平板)\內部儲存空間\DCIM\.thumbnails\1478439239019.jpg	2016-11-06 21:33:59	None	None	None	
\\personalcloud.local\Public\K00Y (媽媽平板)\內部儲存空間\DCIM\.thumbnails\1478439239101.jpg	2016-11-06 21:33:59	None	None	None	
\\personalcloud.local\Public\K00Y (媽媽平板)\內部儲存空間\DCIM\.thumbnails\1478439239183.jpg	2016-11-06 21:33:59	None	None	None	
\\personalcloud.local\Public\K00Y (媽媽平板)\內部儲存空間\DCIM\.thumbnails\1478439239333.jpg	2016-11-06 21:33:59	None	None	None	
\\personalcloud.local\Public\K00Y (媽媽平板)\內部儲存空間\DCIM\.thumbnails\1478439239406.jpg	2016-11-06 21:33:59	None	None	None	
\\personalcloud.local\Public\K00Y (媽媽平板)\內部儲存空間\DCIM\.thumbnails\1478439262083.jpg	2016-11-06 21:34:22	None	None	None	
\\personalcloud.local\Public\K00Y (媽媽平板)\內部儲存空間\DCIM\.thumbnails\1478439262181.jpg	2016-11-06 21:34:22	None	None	None	
\\personalcloud.local\Public\K00Y (媽媽平板)\內部儲存空間\DCIM\.thumbnails\1478439268040.jpg	2016-11-06 21:34:28	None	None	None	
\\personalcloud.local\Public\K00Y (媽媽平板)\內部儲存空間\DCIM\.thumbnails\1478439268699.jpg	2016-11-06 21:34:28	None	None	None	
\\personalcloud.local\Public\K00Y (媽媽平板)\內部儲存空間\DCIM\.thumbnails\1478439269345.jpg	2016-11-06 21:34:29	None	None	None	
\\personalcloud.local\Public\K00Y (媽媽平板)\內部儲存空間\DCIM\.thumbnails\1478439269999.jpg	2016-11-06 21:34:30	None	None	None	
\\personalcloud.local\Public\K00Y (媽媽平板)\內部儲存空間\DCIM\.thumbnails\1478439270692.jpg	2016-11-06 21:34:30	None	None	None	
\\personalcloud.local\Public\K00Y (媽媽平板)\內部儲存空間\DCIM\.thumbnails\1478439271304.jpg	2016-11-06 21:34:31	None	None	None	
\\personalcloud.local\Public\K00Y (媽媽平板)\內部儲存空間\DCIM\.thumbnails\1478439274224.jpg	2016-11-06 21:34:34	None	None	None	
\\personalcloud.local\Public\K00Y (媽媽平板)\內部儲存空間\DCIM\.thumbnails\1478439274560.jpg	2016-11-06 21:34:34	None	None	None	
\\personalcloud.local\Public\K00Y (媽媽平板)\內部儲存空間\DCIM\.thumbnails\1478439274650.jpg	2016-11-06 21:34:34	None	None	None	
\\personalcloud.local\Public\K00Y (媽媽平板)\內部儲存空間\DCIM\.thumbnails\1478439274733.jpg	2016-11-06 21:34:34	None	None	None	
\\personalcloud.local\Public\K00Y (媽媽平板)\內部儲存空間\DCIM\.thumbnails\1478439274816.jpg	2016-11-06 21:34:34	None	None	None	
\\personalcloud.local\Public\K00Y (媽媽平板)\內部儲存空間\DCIM\.thumbnails\1478439275149.jpg	2016-11-06 21:34:35	None	None	None	
\\personalcloud.local\Public\K00Y (媽媽平板)\內部儲存空間\DCIM\.thumbnails\1478439275549.jpg	2016-11-06 21:34:35	None	None	None	
\\personalcloud.local\Public\K00Y (媽媽平板)\內部儲存空間\DCIM\.thumbnails\1478439275648.jpg	2016-11-06 21:34:35	None	None	None	
\\personalcloud.local\Public\K00Y (媽媽平板)\內部儲存空間\DCIM\.thumbnails\1478439275723.jpg	2016-11-06 21:34:35	None	None	None	
\\personalcloud.local\Public\K00Y (媽媽平板)\內部儲存空間\DCIM\.thumbnails\1478439275801.jpg	2016-11-06 21:34:35	None	None	None	
\\personalcloud.local\Public\K00Y (媽媽平板)\內部儲存空間\DCIM\.thumbnails\1478439275881.jpg	2016-11-06 21:34:35	None	None	None	
\\personalcloud.local\Public\K00Y (媽媽平板)\內部儲存空間\DCIM\.thumbnails\1478439276016.jpg	2016-11-06 21:34:36	None	None	None	
\\personalcloud.local\Public\K00Y (媽媽平板)\內部儲存空間\DCIM\.thumbnails\1478439277281.jpg	2016-11-06 21:34:37	None	None	None	
\\personalcloud.local\Public\K00Y (媽媽平板)\內部儲存空間\DCIM\.thumbnails\1478439277662.jpg	2016-11-06 21:34:37	None	None	None	
\\personalcloud.local\Public\K00Y (媽媽平板)\內部儲存空間\DCIM\.thumbnails\1478439278649.jpg	2016-11-06 21:34:38	None	None	None	
\\personalcloud.local\Public\K00Y (媽媽平板)\內部儲存空間\DCIM\.thumbnails\1478439278813.jpg	2016-11-06 21:34:38	None	None	None	
\\personalcloud.local\Public\K00Y (媽媽平板)\內部儲存空間\DCIM\.thumbnails\1478439280547.jpg	2016-11-06 21:34:40	None	None	None	
\\personalcloud.local\Public\K00Y (媽媽平板)\內部儲存空間\DCIM\.thumbnails\1478439281435.jpg	2016-11-06 21:34:41	None	None	None	
\\personalcloud.local\Public\K00Y (媽媽平板)\內部儲存空間\DCIM\.thumbnails\1478439281764.jpg	2016-11-06 21:34:41	None	None	None	
\\personalcloud.local\Public\K00Y (媽媽平板)\內部儲存空間\DCIM\.thumbnails\1478439282853.jpg	2016-11-06 21:34:42	None	None	None	
\\personalcloud.local\Public\K00Y (媽媽平板)\內部儲存空間\DCIM\.thumbnails\1478439282994.jpg	2016-11-06 21:34:43	None	None	None	
\\personalcloud.local\Public\K00Y (媽媽平板)\內部儲存空間\DCIM\.thumbnails\1478439283175.jpg	2016-11-06 21:34:43	None	None	None	
\\personalcloud.local\Public\K00Y (媽媽平板)\內部儲存空間\DCIM\.thumbnails\1478439283353.jpg	2016-11-06 21:34:43	None	None	None	
\\personalcloud.local\Public\K00Y (媽媽平板)\內部儲存空間\DCIM\.thumbnails\1478439283516.jpg	2016-11-06 21:34:43	None	None	None	
\\personalcloud.local\Public\K00Y (媽媽平板)\內部儲存空間\DCIM\.thumbnails\1478439283805.jpg	2016-11-06 21:34:43	None	None	None	
\\personalcloud.local\Public\K00Y (媽媽平板)\內部儲存空間\DCIM\.thumbnails\1478439283987.jpg	2016-11-06 21:34:43	None	None	None	
\\personalcloud.local\Public\K00Y (媽媽平板)\內部儲存空間\DCIM\.thumbnails\1478439284132.jpg	2016-11-06 21:34:44	None	None	None	
\\personalcloud.local\Public\K00Y (媽媽平板)\內部儲存空間\DCIM\.thumbnails\1478439284293.jpg	2016-11-06 21:34:44	None	None	None	
\\personalcloud.local\Public\K00Y (媽媽平板)\內部儲存空間\DCIM\.thumbnails\1478439284443.jpg	2016-11-06 21:34:44	None	None	None	
\\personalcloud.local\Public\K00Y (媽媽平板)\內部儲存空間\DCIM\.thumbnails\1483256814918.jpg	2017-01-01 15:46:54	None	None	None	
\\personalcloud.local\Public\K00Y (媽媽平板)\內部儲存空間\DCIM\.thumbnails\1483256814999.jpg	2017-01-01 15:46:55	None	None	None	
\\personalcloud.local\Public\K00Y (媽媽平板)\內部儲存空間\DCIM\.thumbnails\1483256815077.jpg	2017-01-01 15:46:55	None	None	None	
\\personalcloud.local\Public\K00Y (媽媽平板)\內部儲存空間\DCIM\.thumbnails\1483256815991.jpg	2017-01-01 15:46:55	None	None	None	
\\personalcloud.local\Public\K00Y (媽媽平板)\內部儲存空間\DCIM\.thumbnails\1483256816069.jpg	2017-01-01 15:46:56	None	None	None	
\\personalcloud.local\Public\K00Y (媽媽平板)\內部儲存空間\DCIM\.thumbnails\1483256816160.jpg	2017-01-01 15:46:56	None	None	None	
\\personalcloud.local\Public\K00Y (媽媽平板)\內部儲存空間\DCIM\.thumbnails\1483256816325.jpg	2017-01-01 15:46:56	None	None	None	
\\personalcloud.local\Public\K00Y (媽媽平板)\內部儲存空間\DCIM\.thumbnails\1483256816491.jpg	2017-01-01 15:46:56	None	None	None	
\\personalcloud.local\Public\K00Y (媽媽平板)\內部儲存空間\DCIM\.thumbnails\1483256816561.jpg	2017-01-01 15:46:56	None	None	None	
\\personalcloud.local\Public\K00Y (媽媽平板)\內部儲存空間\DCIM\.thumbnails\1483256816776.jpg	2017-01-01 15:46:56	None	None	None	
\\personalcloud.local\Public\K00Y (媽媽平板)\內部儲存空間\DCIM\.thumbnails\1483256817025.jpg	2017-01-01 15:46:57	None	None	None	
\\personalcloud.local\Public\K00Y (媽媽平板)\內部儲存空間\DCIM\.thumbnails\1483256818984.jpg	2017-01-01 15:46:58	None	None	None	
\\personalcloud.local\Public\K00Y (媽媽平板)\內部儲存空間\DCIM\.thumbnails\1483256819170.jpg	2017-01-01 15:46:59	None	None	None	
\\personalcloud.local\Public\K00Y (媽媽平板)\內部儲存空間\DCIM\.thumbnails\1483256819342.jpg	2017-01-01 15:46:59	None	None	None	
\\personalcloud.local\Public\K00Y (媽媽平板)\內部儲存空間\DCIM\.thumbnails\1483256819504.jpg	2017-01-01 15:46:59	None	None	None	
\\personalcloud.local\Public\K00Y (媽媽平板)\內部儲存空間\DCIM\.thumbnails\1483256819704.jpg	2017-01-01 15:46:59	None	None	None	
\\personalcloud.local\Public\K00Y (媽媽平板)\內部儲存空間\DCIM\.thumbnails\1483256820068.jpg	2017-01-01 15:47:00	None	None	None	
\\personalcloud.local\Public\K00Y (媽媽平板)\內部儲存空間\DCIM\.thumbnails\1483256820212.jpg	2017-01-01 15:47:00	None	None	None	
\\personalcloud.local\Public\K00Y (媽媽平板)\內部儲存空間\DCIM\.thumbnails\1483256820346.jpg	2017-01-01 15:47:00	None	None	None	
\\personalcloud.local\Public\K00Y (媽媽平板)\內部儲存空間\DCIM\.thumbnails\1483256821238.jpg	2017-01-01 15:47:01	None	None	None	
\\personalcloud.local\Public\K00Y (媽媽平板)\內部儲存空間\DCIM\.thumbnails\1483256821476.jpg	2017-01-01 15:47:01	None	None	None	
\\personalcloud.local\Public\K00Y (媽媽平板)\內部儲存空間\DCIM\.thumbnails\1483256821731.jpg	2017-01-01 15:47:01	None	None	None	
\\personalcloud.local\Public\K00Y (媽媽平板)\內部儲存空間\DCIM\.thumbnails\1483256821804.jpg	2017-01-01 15:47:01	None	None	None	
\\personalcloud.local\Public\K00Y (媽媽平板)\內部儲存空間\DCIM\.thumbnails\1483256821969.jpg	2017-01-01 15:47:01	None	None	None	
\\personalcloud.local\Public\K00Y (媽媽平板)\內部儲存空間\DCIM\.thumbnails\1483256822165.jpg	2017-01-01 15:47:02	None	None	None	
\\personalcloud.local\Public\K00Y (媽媽平板)\內部儲存空間\DCIM\.thumbnails\1483256822268.jpg	2017-01-01 15:47:02	None	None	None	
\\personalcloud.local\Public\K00Y (媽媽平板)\內部儲存空間\DCIM\.thumbnails\1483256822387.jpg	2017-01-01 15:47:02	None	None	None	
\\personalcloud.local\Public\K00Y (媽媽平板)\內部儲存空間\DCIM\.thumbnails\1483256822481.jpg	2017-01-01 15:47:02	None	None	None	
\\personalcloud.local\Public\K00Y (媽媽平板)\內部儲存空間\DCIM\.thumbnails\1483256822606.jpg	2017-01-01 15:47:02	None	None	None	
\\personalcloud.local\Public\K00Y (媽媽平板)\內部儲存空間\DCIM\.thumbnails\1483256822717.jpg	2017-01-01 15:47:02	None	None	None	
\\personalcloud.local\Public\K00Y (媽媽平板)\內部儲存空間\DCIM\.thumbnails\1483256822781.jpg	2017-01-01 15:47:02	None	None	None	
\\personalcloud.local\Public\K00Y (媽媽平板)\內部儲存空間\DCIM\.thumbnails\1483256822867.jpg	2017-01-01 15:47:02	None	None	None	
\\personalcloud.local\Public\K00Y (媽媽平板)\內部儲存空間\DCIM\.thumbnails\1483256822945.jpg	2017-01-01 15:47:02	None	None	None	
\\personalcloud.local\Public\K00Y (媽媽平板)\內部儲存空間\DCIM\.thumbnails\1483256824142.jpg	2017-01-01 15:47:04	None	None	None	
\\personalcloud.local\Public\K00Y (媽媽平板)\內部儲存空間\DCIM\.thumbnails\1483256824261.jpg	2017-01-01 15:47:04	None	None	None	
\\personalcloud.local\Public\K00Y (媽媽平板)\內部儲存空間\DCIM\.thumbnails\1483256824355.jpg	2017-01-01 15:47:04	None	None	None	
\\personalcloud.local\Public\K00Y (媽媽平板)\內部儲存空間\DCIM\.thumbnails\1483256824551.jpg	2017-01-01 15:47:04	None	None	None	
\\personalcloud.local\Public\K00Y (媽媽平板)\內部儲存空間\DCIM\.thumbnails\1483256824621.jpg	2017-01-01 15:47:04	None	None	None	
\\personalcloud.local\Public\K00Y (媽媽平板)\內部儲存空間\DCIM\.thumbnails\1483256824696.jpg	2017-01-01 15:47:04	None	None	None	
\\personalcloud.local\Public\K00Y (媽媽平板)\內部儲存空間\DCIM\.thumbnails\1483256824771.jpg	2017-01-01 15:47:04	None	None	None	
\\personalcloud.local\Public\K00Y (媽媽平板)\內部儲存空間\DCIM\.thumbnails\1483256824854.jpg	2017-01-01 15:47:04	None	None	None	
\\personalcloud.local\Public\K00Y (媽媽平板)\內部儲存空間\DCIM\.thumbnails\1483256825059.jpg	2017-01-01 15:47:05	None	None	None	
\\personalcloud.local\Public\K00Y (媽媽平板)\內部儲存空間\DCIM\.thumbnails\1483256825228.jpg	2017-01-01 15:47:05	None	None	None	
\\personalcloud.local\Public\K00Y (媽媽平板)\內部儲存空間\DCIM\.thumbnails\1483256826732.jpg	2017-01-01 15:47:06	None	None	None	
\\personalcloud.local\Public\K00Y (媽媽平板)\內部儲存空間\DCIM\.thumbnails\1483256826821.jpg	2017-01-01 15:47:06	None	None	None	
\\personalcloud.local\Public\K00Y (媽媽平板)\內部儲存空間\DCIM\.thumbnails\1483256826915.jpg	2017-01-01 15:47:06	None	None	None	
\\personalcloud.local\Public\K00Y (媽媽平板)\內部儲存空間\DCIM\.thumbnails\1483256827013.jpg	2017-01-01 15:47:07	None	None	None	
\\personalcloud.local\Public\K00Y (媽媽平板)\內部儲存空間\DCIM\.thumbnails\1483256827274.jpg	2017-01-01 15:47:07	None	None	None	
\\personalcloud.local\Public\K00Y (媽媽平板)\內部儲存空間\DCIM\.thumbnails\1483256827456.jpg	2017-01-01 15:47:07	None	None	None	
\\personalcloud.local\Public\K00Y (媽媽平板)\內部儲存空間\DCIM\.thumbnails\1483256827996.jpg	2017-01-01 15:47:08	None	None	None	
\\personalcloud.local\Public\K00Y (媽媽平板)\內部儲存空間\DCIM\.thumbnails\1483256828551.jpg	2017-01-01 15:47:09	None	None	None	
\\personalcloud.local\Public\K00Y (媽媽平板)\內部儲存空間\DCIM\.thumbnails\1483256829624.jpg	2017-01-01 15:47:09	None	None	None	
\\personalcloud.local\Public\K00Y (媽媽平板)\內部儲存空間\DCIM\.thumbnails\1483256829950.jpg	2017-01-01 15:47:09	None	None	None	
\\personalcloud.local\Public\K00Y (媽媽平板)\內部儲存空間\DCIM\.thumbnails\1483256830196.jpg	2017-01-01 15:47:10	None	None	None	
\\personalcloud.local\Public\K00Y (媽媽平板)\內部儲存空間\DCIM\.thumbnails\1483256830272.jpg	2017-01-01 15:47:10	None	None	None	
\\personalcloud.local\Public\K00Y (媽媽平板)\內部儲存空間\DCIM\.thumbnails\1483256830349.jpg	2017-01-01 15:47:10	None	None	None	
\\personalcloud.local\Public\K00Y (媽媽平板)\內部儲存空間\DCIM\.thumbnails\1483256830525.jpg	2017-01-01 15:47:10	None	None	None	
\\personalcloud.local\Public\K00Y (媽媽平板)\內部儲存空間\DCIM\.thumbnails\1483256830659.jpg	2017-01-01 15:47:10	None	None	None	
\\personalcloud.local\Public\K00Y (媽媽平板)\內部儲存空間\DCIM\.thumbnails\1483256831087.jpg	2017-01-01 15:47:11	None	None	None	
\\personalcloud.local\Public\K00Y (媽媽平板)\內部儲存空間\DCIM\.thumbnails\1483256831344.jpg	2017-01-01 15:47:11	None	None	None	
\\personalcloud.local\Public\K00Y (媽媽平板)\內部儲存空間\DCIM\.thumbnails\1483256831825.jpg	2017-01-01 15:47:11	None	None	None	
\\personalcloud.local\Public\K00Y (媽媽平板)\內部儲存空間\DCIM\.thumbnails\1483256832045.jpg	2017-01-01 15:47:12	None	None	None	
\\personalcloud.local\Public\K00Y (媽媽平板)\內部儲存空間\DCIM\.thumbnails\1483256832231.jpg	2017-01-01 15:47:12	None	None	None	
\\personalcloud.local\Public\K00Y (媽媽平板)\內部儲存空間\DCIM\.thumbnails\1483256832319.jpg	2017-01-01 15:47:12	None	None	None	
\\personalcloud.local\Public\K00Y (媽媽平板)\內部儲存空間\DCIM\.thumbnails\1483256832521.jpg	2017-01-01 15:47:12	None	None	None	
\\personalcloud.local\Public\K00Y (媽媽平板)\內部儲存空間\DCIM\.thumbnails\1483256833104.jpg	2017-01-01 15:47:13	None	None	None	
\\personalcloud.local\Public\K00Y (媽媽平板)\內部儲存空間\DCIM\.thumbnails\1483256833281.jpg	2017-01-01 15:47:13	None	None	None	
\\personalcloud.local\Public\K00Y (媽媽平板)\內部儲存空間\DCIM\.thumbnails\1483256833648.jpg	2017-01-01 15:47:13	None	None	None	
\\personalcloud.local\Public\K00Y (媽媽平板)\內部儲存空間\DCIM\.thumbnails\1483256834282.jpg	2017-01-01 15:47:14	None	None	None	
\\personalcloud.local\Public\K00Y (媽媽平板)\內部儲存空間\DCIM\.thumbnails\1483256834369.jpg	2017-01-01 15:47:14	None	None	None	
\\personalcloud.local\Public\K00Y (媽媽平板)\內部儲存空間\DCIM\.thumbnails\1483256834533.jpg	2017-01-01 15:47:14	None	None	None	
\\personalcloud.local\Public\K00Y (媽媽平板)\內部儲存空間\DCIM\.thumbnails\1483256834607.jpg	2017-01-01 15:47:14	None	None	None	
\\personalcloud.local\Public\K00Y (媽媽平板)\內部儲存空間\DCIM\.thumbnails\1483256834705.jpg	2017-01-01 15:47:14	None	None	None	
\\personalcloud.local\Public\K00Y (媽媽平板)\內部儲存空間\DCIM\.thumbnails\1483256834788.jpg	2017-01-01 15:47:14	None	None	None	
\\personalcloud.local\Public\K00Y (媽媽平板)\內部儲存空間\DCIM\.thumbnails\1483256835015.jpg	2017-01-01 15:47:15	None	None	None	
\\personalcloud.local\Public\K00Y (媽媽平板)\內部儲存空間\DCIM\.thumbnails\1483256835109.jpg	2017-01-01 15:47:15	None	None	None	
\\personalcloud.local\Public\K00Y (媽媽平板)\內部儲存空間\DCIM\.thumbnails\1483256835207.jpg	2017-01-01 15:47:15	None	None	None	
\\personalcloud.local\Public\K00Y (媽媽平板)\內部儲存空間\DCIM\.thumbnails\1483256835286.jpg	2017-01-01 15:47:15	None	None	None	
\\personalcloud.local\Public\K00Y (媽媽平板)\內部儲存空間\DCIM\.thumbnails\1483256835368.jpg	2017-01-01 15:47:15	None	None	None	
\\personalcloud.local\Public\K00Y (媽媽平板)\內部儲存空間\DCIM\.thumbnails\1483256835452.jpg	2017-01-01 15:47:15	None	None	None	
\\personalcloud.local\Public\K00Y (媽媽平板)\內部儲存空間\DCIM\.thumbnails\1483256836199.jpg	2017-01-01 15:47:16	None	None	None	
\\personalcloud.local\Public\K00Y (媽媽平板)\內部儲存空間\DCIM\.thumbnails\1483256836265.jpg	2017-01-01 15:47:16	None	None	None	
\\personalcloud.local\Public\K00Y (媽媽平板)\內部儲存空間\DCIM\.thumbnails\1483256836438.jpg	2017-01-01 15:47:16	None	None	None	
\\personalcloud.local\Public\K00Y (媽媽平板)\內部儲存空間\DCIM\.thumbnails\1483256836586.jpg	2017-01-01 15:47:16	None	None	None	
\\personalcloud.local\Public\K00Y (媽媽平板)\內部儲存空間\DCIM\.thumbnails\1483256836662.jpg	2017-01-01 15:47:16	None	None	None	
\\personalcloud.local\Public\K00Y (媽媽平板)\內部儲存空間\DCIM\.thumbnails\1483256836751.jpg	2017-01-01 15:47:16	None	None	None	
\\personalcloud.local\Public\K00Y (媽媽平板)\內部儲存空間\DCIM\.thumbnails\1483256836922.jpg	2017-01-01 15:47:17	None	None	None	
\\personalcloud.local\Public\K00Y (媽媽平板)\內部儲存空間\DCIM\.thumbnails\1483256837115.jpg	2017-01-01 15:47:17	None	None	None	
\\personalcloud.local\Public\K00Y (媽媽平板)\內部儲存空間\DCIM\.thumbnails\1483256837317.jpg	2017-01-01 15:47:17	None	None	None	
\\personalcloud.local\Public\K00Y (媽媽平板)\內部儲存空間\DCIM\.thumbnails\1483256837493.jpg	2017-01-01 15:47:17	None	None	None	
\\personalcloud.local\Public\K00Y (媽媽平板)\內部儲存空間\DCIM\.thumbnails\1483256837703.jpg	2017-01-01 15:47:17	None	None	None	
\\personalcloud.local\Public\K00Y (媽媽平板)\內部儲存空間\DCIM\.thumbnails\1483256837865.jpg	2017-01-01 15:47:17	None	None	None	
\\personalcloud.local\Public\K00Y (媽媽平板)\內部儲存空間\DCIM\.thumbnails\1483256838102.jpg	2017-01-01 15:47:18	None	None	None	
\\personalcloud.local\Public\K00Y (媽媽平板)\內部儲存空間\DCIM\.thumbnails\1483256838275.jpg	2017-01-01 15:47:18	None	None	None	
\\personalcloud.local\Public\K00Y (媽媽平板)\內部儲存空間\DCIM\.thumbnails\1483256838514.jpg	2017-01-01 15:47:18	None	None	None	
\\personalcloud.local\Public\K00Y (媽媽平板)\內部儲存空間\DCIM\.thumbnails\1483256838591.jpg	2017-01-01 15:47:18	None	None	None	
\\personalcloud.local\Public\K00Y (媽媽平板)\內部儲存空間\DCIM\.thumbnails\1483256838778.jpg	2017-01-01 15:47:18	None	None	None	
\\personalcloud.local\Public\K00Y (媽媽平板)\內部儲存空間\DCIM\.thumbnails\1483256839071.jpg	2017-01-01 15:47:19	None	None	None	
\\personalcloud.local\Public\K00Y (媽媽平板)\內部儲存空間\DCIM\.thumbnails\1483256839274.jpg	2017-01-01 15:47:19	None	None	None	
\\personalcloud.local\Public\K00Y (媽媽平板)\內部儲存空間\DCIM\.thumbnails\1483256839345.jpg	2017-01-01 15:47:19	None	None	None	
\\personalcloud.local\Public\K00Y (媽媽平板)\內部儲存空間\DCIM\.thumbnails\1483256839504.jpg	2017-01-01 15:47:19	None	None	None	
\\personalcloud.local\Public\K00Y (媽媽平板)\內部儲存空間\DCIM\.thumbnails\1483256839665.jpg	2017-01-01 15:47:19	None	None	None	
\\personalcloud.local\Public\K00Y (媽媽平板)\內部儲存空間\Pictures\LINE\1494833426998.jpg	2017-05-15 15:30:27	None	None	None	
\\personalcloud.local\Public\K00Y (媽媽平板)\內部儲存空間\Pictures\LINE\1494833428227.jpg	2017-05-15 15:30:28	None	None	None	
\\personalcloud.local\Public\K00Y (媽媽平板)\內部儲存空間\Pictures\LINE\1494833428554.jpg	2017-05-15 15:30:28	None	None	None	
\\personalcloud.local\Public\K00Y (媽媽平板)\內部儲存空間\Pictures\LINE\1494833428840.jpg	2017-05-15 15:30:28	None	None	None	
\\personalcloud.local\Public\K00Y (媽媽平板)\內部儲存空間\Pictures\LINE\1494833428930.jpg	2017-05-15 15:30:29	None	None	None	
\\personalcloud.local\Public\K00Y (媽媽平板)\內部儲存空間\Pictures\LINE\1494833429262.jpg	2017-05-15 15:30:29	None	None	None	
\\personalcloud.local\Public\K00Y (媽媽平板)\內部儲存空間\Pictures\LINE\1494833429731.jpg	2017-05-15 15:30:29	None	None	None	
\\personalcloud.local\Public\K00Y (媽媽平板)\內部儲存空間\Pictures\LINE\1494833430258.jpg	2017-05-15 15:30:30	None	None	None	
\\personalcloud.local\Public\K00Y (媽媽平板)\內部儲存空間\Pictures\LINE\1494833431205.jpg	2017-05-15 15:30:31	None	None	None	
\\personalcloud.local\Public\K00Y (媽媽平板)\內部儲存空間\Pictures\LINE\1494833431702.jpg	2017-05-15 15:30:32	None	None	None	
\\personalcloud.local\Public\K00Y (媽媽平板)\內部儲存空間\Pictures\LINE\1494833432640.jpg	2017-05-15 15:30:32	None	None	None	
\\personalcloud.local\Public\K00Y (媽媽平板)\內部儲存空間\Pictures\LINE\1494833433025.jpg	2017-05-15 15:30:33	None	None	None	
\\personalcloud.local\Public\K00Y (媽媽平板)\內部儲存空間\Pictures\LINE\1494833435545.jpg	2017-05-15 15:30:35	None	None	None	
\\personalcloud.local\Public\K00Y (媽媽平板)\內部儲存空間\Pictures\LINE\1494833436211.jpg	2017-05-15 15:30:36	None	None	None	
\\personalcloud.local\Public\K00Y (媽媽平板)\內部儲存空間\Pictures\LINE\1494833529204.jpg	2017-05-15 15:32:09	None	None	None	
\\personalcloud.local\Public\K00Y (媽媽平板)\內部儲存空間\Pictures\LINE\1494833529443.jpg	2017-05-15 15:32:09	None	None	None	
\\personalcloud.local\Public\K00Y (媽媽平板)\內部儲存空間\Pictures\LINE\1494833529579.jpg	2017-05-15 15:32:09	None	None	None	
\\personalcloud.local\Public\K00Y (媽媽平板)\內部儲存空間\Pictures\LINE\1494833529698.jpg	2017-05-15 15:32:09	None	None	None	
\\personalcloud.local\Public\K00Y (媽媽平板)\內部儲存空間\Pictures\LINE\1494833529957.jpg	2017-05-15 15:32:09	None	None	None	
\\personalcloud.local\Public\K00Y (媽媽平板)\內部儲存空間\Pictures\LINE\1494833530079.jpg	2017-05-15 15:32:10	None	None	None	
\\personalcloud.local\Public\K00Y (媽媽平板)\內部儲存空間\Pictures\LINE\1494833530173.jpg	2017-05-15 15:32:10	None	None	None	
\\personalcloud.local\Public\K00Y (媽媽平板)\內部儲存空間\Pictures\LINE\1494833530245.jpg	2017-05-15 15:32:10	None	None	None	
\\personalcloud.local\Public\K00Y (媽媽平板)\內部儲存空間\Pictures\LINE\1494833530380.jpg	2017-05-15 15:32:10	None	None	None	
\\personalcloud.local\Public\K00Y (媽媽平板)\內部儲存空間\Pictures\LINE\1494833530508.jpg	2017-05-15 15:32:10	None	None	None	
\\personalcloud.local\Public\K00Y (媽媽平板)\內部儲存空間\Pictures\LINE\1494833530573.jpg	2017-05-15 15:32:10	None	None	None	
\\personalcloud.local\Public\K00Y (媽媽平板)\內部儲存空間\Pictures\LINE\1494833530690.jpg	2017-05-15 15:32:10	None	None	None	
\\personalcloud.local\Public\K00Y (媽媽平板)\內部儲存空間\Pictures\LINE\1494833530864.jpg	2017-05-15 15:32:10	None	None	None	
\\personalcloud.local\Public\K00Y (媽媽平板)\內部儲存空間\Pictures\LINE\1494833531008.jpg	2017-05-15 15:32:11	None	None	None	
\\personalcloud.local\Public\K00Y (媽媽平板)\內部儲存空間\Pictures\LINE\1494833531072.jpg	2017-05-15 15:32:11	None	None	None	
\\personalcloud.local\Public\K00Y (媽媽平板)\內部儲存空間\Pictures\LINE\1494833531207.jpg	2017-05-15 15:32:11	None	None	None	
\\personalcloud.local\Public\K00Y (媽媽平板)\內部儲存空間\Pictures\LINE\1494833531309.jpg	2017-05-15 15:32:11	None	None	None	
\\personalcloud.local\Public\K00Y (媽媽平板)\內部儲存空間\Pictures\LINE\1494833531421.jpg	2017-05-15 15:32:11	None	None	None	
\\personalcloud.local\Public\K00Y (媽媽平板)\內部儲存空間\Pictures\LINE\1494833531608.jpg	2017-05-15 15:32:11	None	None	None	
\\personalcloud.local\Public\K00Y (媽媽平板)\內部儲存空間\Pictures\LINE\1494833531709.jpg	2017-05-15 15:32:11	None	None	None	
\\personalcloud.local\Public\K00Y (媽媽平板)\內部儲存空間\Pictures\LINE\1494833531954.jpg	2017-05-15 15:32:11	None	None	None	
\\personalcloud.local\Public\K00Y (媽媽平板)\內部儲存空間\Pictures\LINE\1494833532037.jpg	2017-05-15 15:32:12	None	None	None	
\\personalcloud.local\Public\K00Y (媽媽平板)\內部儲存空間\Pictures\LINE\1494833532153.jpg	2017-05-15 15:32:12	None	None	None	
\\personalcloud.local\Public\K00Y (媽媽平板)\內部儲存空間\Pictures\LINE\1494833532279.jpg	2017-05-15 15:32:12	None	None	None	
\\personalcloud.local\Public\K00Y (媽媽平板)\內部儲存空間\Pictures\LINE\1494833532353.jpg	2017-05-15 15:32:12	None	None	None	
\\personalcloud.local\Public\K00Y (媽媽平板)\內部儲存空間\Pictures\LINE\1494833532493.jpg	2017-05-15 15:32:12	None	None	None	
\\personalcloud.local\Public\K00Y (媽媽平板)\內部儲存空間\Pictures\LINE\1494833532600.jpg	2017-05-15 15:32:12	None	None	None	
\\personalcloud.local\Public\K00Y (媽媽平板)\內部儲存空間\Pictures\LINE\1494833532745.jpg	2017-05-15 15:32:12	None	None	None	
\\personalcloud.local\Public\K00Y (媽媽平板)\內部儲存空間\Pictures\LINE\1494833532845.jpg	2017-05-15 15:32:12	None	None	None	
\\personalcloud.local\Public\K00Y (媽媽平板)\內部儲存空間\Pictures\LINE\1494833532953.jpg	2017-05-15 15:32:12	None	None	None	
\\personalcloud.local\Public\K00Y (媽媽平板)\內部儲存空間\Pictures\LINE\1494833533034.jpg	2017-05-15 15:32:13	None	None	None	
\\personalcloud.local\Public\K00Y (媽媽平板)\內部儲存空間\Pictures\LINE\1494833533169.jpg	2017-05-15 15:32:13	None	None	None	
\\personalcloud.local\Public\K00Y (媽媽平板)\內部儲存空間\Pictures\LINE\1494833533307.jpg	2017-05-15 15:32:13	None	None	None	
\\personalcloud.local\Public\K00Y (媽媽平板)\內部儲存空間\Pictures\LINE\1494833533461.jpg	2017-05-15 15:32:13	None	None	None	
\\personalcloud.local\Public\K00Y (媽媽平板)\內部儲存空間\Pictures\LINE\1494833533591.jpg	2017-05-15 15:32:13	None	None	None	
\\personalcloud.local\Public\K00Y (媽媽平板)\內部儲存空間\Pictures\LINE\1494833533710.jpg	2017-05-15 15:32:13	None	None	None	
\\personalcloud.local\Public\K00Y (媽媽平板)\內部儲存空間\Pictures\LINE\1494833533810.jpg	2017-05-15 15:32:13	None	None	None	
\\personalcloud.local\Public\K00Y (媽媽平板)\內部儲存空間\Pictures\LINE\1494833533942.jpg	2017-05-15 15:32:14	None	None	None	
\\personalcloud.local\Public\K00Y (媽媽平板)\內部儲存空間\Pictures\LINE\1494833534188.jpg	2017-05-15 15:32:14	None	None	None	
\\personalcloud.local\Public\K00Y (媽媽平板)\內部儲存空間\Pictures\LINE\1494833534337.jpg	2017-05-15 15:32:14	None	None	None	
\\personalcloud.local\Public\K00Y (媽媽平板)\內部儲存空間\Pictures\LINE\1494833534423.jpg	2017-05-15 15:32:14	None	None	None	
\\personalcloud.local\Public\K00Y (媽媽平板)\內部儲存空間\Pictures\LINE\1494833534546.jpg	2017-05-15 15:32:14	None	None	None	
\\personalcloud.local\Public\K00Y (媽媽平板)\內部儲存空間\Pictures\LINE\1494833534630.jpg	2017-05-15 15:32:14	None	None	None	
\\personalcloud.local\Public\K00Y (媽媽平板)\內部儲存空間\Pictures\LINE\1494833534855.jpg	2017-05-15 15:32:14	None	None	None	
\\personalcloud.local\Public\K00Y (媽媽平板)\內部儲存空間\Pictures\LINE\1494833534982.jpg	2017-05-15 15:32:15	None	None	None	
\\personalcloud.local\Public\K00Y (媽媽平板)\內部儲存空間\Pictures\LINE\1494833535091.jpg	2017-05-15 15:32:15	None	None	None	
\\personalcloud.local\Public\K00Y (媽媽平板)\內部儲存空間\Pictures\LINE\1494833535271.jpg	2017-05-15 15:32:15	None	None	None	
\\personalcloud.local\Public\K00Y (媽媽平板)\內部儲存空間\Pictures\LINE\1494833535384.jpg	2017-05-15 15:32:15	None	None	None	
\\personalcloud.local\Public\K00Y (媽媽平板)\內部儲存空間\Pictures\LINE\1494833535477.jpg	2017-05-15 15:32:15	None	None	None	
\\personalcloud.local\Public\K00Y (媽媽平板)\內部儲存空間\Pictures\LINE\1494833537874.jpg	2017-05-15 15:32:24	None	None	None	
\\personalcloud.local\Public\K00Y (媽媽平板)\內部儲存空間\Pictures\LINE\1494833544385.jpg	2017-05-15 15:32:25	None	None	None	
\\personalcloud.local\Public\K00Y (媽媽平板)\內部儲存空間\Pictures\LINE\1494833545256.jpg	2017-05-15 15:32:25	None	None	None	
\\personalcloud.local\Public\K00Y (媽媽平板)\內部儲存空間\Pictures\LINE\1494833545623.jpg	2017-05-15 15:32:25	None	None	None	
\\personalcloud.local\Public\K00Y (媽媽平板)\內部儲存空間\Pictures\LINE\1494833547276.jpg	2017-05-15 15:32:27	None	None	None	
\\personalcloud.local\Public\K00Y (媽媽平板)\內部儲存空間\Pictures\LINE\1494833547455.jpg	2017-05-15 15:32:27	None	None	None	
\\personalcloud.local\Public\K00Y (媽媽平板)\內部儲存空間\Pictures\LINE\1494833547729.jpg	2017-05-15 15:32:28	None	None	None	
\\personalcloud.local\Public\K00Y (媽媽平板)\內部儲存空間\Pictures\LINE\1494833548486.jpg	2017-05-15 15:32:28	None	None	None	
\\personalcloud.local\Public\K00Y (媽媽平板)\內部儲存空間\Pictures\LINE\1494833549585.jpg	2017-05-15 15:32:30	None	None	None	
\\personalcloud.local\Public\K00Y (媽媽平板)\內部儲存空間\Pictures\LINE\1494833550348.jpg	2017-05-15 15:32:30	None	None	None	
\\personalcloud.local\Public\K00Y (媽媽平板)\內部儲存空間\Pictures\LINE\1494833550965.jpg	2017-05-15 15:32:31	None	None	None	
\\personalcloud.local\Public\K00Y (媽媽平板)\內部儲存空間\Pictures\LINE\1494833552870.jpg	2017-05-15 15:32:33	None	None	None	
\\personalcloud.local\Public\K00Y (媽媽平板)\內部儲存空間\Pictures\LINE\1494833553460.jpg	2017-05-15 15:32:33	None	None	None	
\\personalcloud.local\Public\K00Y (媽媽平板)\內部儲存空間\Pictures\LINE\1494833553788.jpg	2017-05-15 15:32:33	None	None	None	
\\personalcloud.local\Public\K00Y (媽媽平板)\內部儲存空間\Pictures\LINE\1494833554363.jpg	2017-05-15 15:32:34	None	None	None	
\\personalcloud.local\Public\K00Y (媽媽平板)\內部儲存空間\Pictures\LINE\1494833554430.jpg	2017-05-15 15:32:34	None	None	None	
\\personalcloud.local\Public\K00Y (媽媽平板)\內部儲存空間\Pictures\LINE\1494833554508.jpg	2017-05-15 15:32:34	None	None	None	
\\personalcloud.local\Public\K00Y (媽媽平板)\內部儲存空間\Pictures\LINE\1494833554600.jpg	2017-05-15 15:32:34	None	None	None	
\\personalcloud.local\Public\K00Y (媽媽平板)\內部儲存空間\Pictures\LINE\1494833554710.jpg	2017-05-15 15:32:34	None	None	None	
\\personalcloud.local\Public\K00Y (媽媽平板)\內部儲存空間\Pictures\LINE\1494833554989.jpg	2017-05-15 15:32:35	None	None	None	
\\personalcloud.local\Public\K00Y (媽媽平板)\內部儲存空間\Pictures\LINE\1494833555085.jpg	2017-05-15 15:32:35	None	None	None	
\\personalcloud.local\Public\K00Y (媽媽平板)\內部儲存空間\Pictures\LINE\1494833555184.jpg	2017-05-15 15:32:35	None	None	None	
\\personalcloud.local\Public\K00Y (媽媽平板)\內部儲存空間\Pictures\LINE\1494833555274.jpg	2017-05-15 15:32:35	None	None	None	
\\personalcloud.local\Public\K00Y (媽媽平板)\內部儲存空間\Pictures\LINE\1494833555510.jpg	2017-05-15 15:32:35	None	None	None	
\\personalcloud.local\Public\K00Y (媽媽平板)\內部儲存空間\Pictures\LINE\1494833555672.jpg	2017-05-15 15:32:35	None	None	None	
\\personalcloud.local\Public\K00Y (媽媽平板)\內部儲存空間\Pictures\LINE\1494833555819.jpg	2017-05-15 15:32:35	None	None	None	
\\personalcloud.local\Public\K00Y (媽媽平板)\內部儲存空間\Pictures\LINE\1494833555945.jpg	2017-05-15 15:32:35	None	None	None	
\\personalcloud.local\Public\K00Y (媽媽平板)\內部儲存空間\Pictures\LINE\1494833556012.jpg	2017-05-15 15:32:36	None	None	None	
\\personalcloud.local\Public\K00Y (媽媽平板)\內部儲存空間\Pictures\LINE\1494833556153.jpg	2017-05-15 15:32:36	None	None	None	
\\personalcloud.local\Public\K00Y (媽媽平板)\內部儲存空間\Pictures\LINE\1494833556241.jpg	2017-05-15 15:32:36	None	None	None	
\\personalcloud.local\Public\K00Y (媽媽平板)\內部儲存空間\Pictures\LINE\1494833556349.jpg	2017-05-15 15:32:36	None	None	None	
\\personalcloud.local\Public\K00Y (媽媽平板)\內部儲存空間\Pictures\LINE\1494833556476.jpg	2017-05-15 15:32:36	None	None	None	
\\personalcloud.local\Public\K00Y (媽媽平板)\內部儲存空間\Pictures\LINE\1494833556545.jpg	2017-05-15 15:32:36	None	None	None	
\\personalcloud.local\Public\K00Y (媽媽平板)\內部儲存空間\Pictures\LINE\1494833556650.jpg	2017-05-15 15:32:36	None	None	None	
\\personalcloud.local\Public\K00Y (媽媽平板)\內部儲存空間\Pictures\LINE\1494833556827.jpg	2017-05-15 15:32:36	None	None	None	
\\personalcloud.local\Public\K00Y (媽媽平板)\內部儲存空間\Pictures\LINE\1494833556919.jpg	2017-05-15 15:32:36	None	None	None	
\\personalcloud.local\Public\K00Y (媽媽平板)\內部儲存空間\Pictures\LINE\1494833557002.jpg	2017-05-15 15:32:37	None	None	None	
\\personalcloud.local\Public\K00Y (媽媽平板)\內部儲存空間\Pictures\LINE\1494833557128.jpg	2017-05-15 15:32:37	None	None	None	
\\personalcloud.local\Public\K00Y (媽媽平板)\內部儲存空間\Pictures\LINE\1494833557259.jpg	2017-05-15 15:32:37	None	None	None	
\\personalcloud.local\Public\K00Y (媽媽平板)\內部儲存空間\Pictures\LINE\1494833557404.jpg	2017-05-15 15:32:37	None	None	None	
\\personalcloud.local\Public\K00Y (媽媽平板)\內部儲存空間\Pictures\LINE\1494833557464.jpg	2017-05-15 15:32:37	None	None	None	
\\personalcloud.local\Public\K00Y (媽媽平板)\內部儲存空間\Pictures\LINE\1494833557631.jpg	2017-05-15 15:32:37	None	None	None	
\\personalcloud.local\Public\K00Y (媽媽平板)\內部儲存空間\Pictures\LINE\1494833557822.jpg	2017-05-15 15:32:37	None	None	None	
\\personalcloud.local\Public\K00Y (媽媽平板)\內部儲存空間\Pictures\LINE\1494833557925.jpg	2017-05-15 15:32:37	None	None	None	
\\personalcloud.local\Public\K00Y (媽媽平板)\內部儲存空間\Pictures\LINE\1494833558020.jpg	2017-05-15 15:32:38	None	None	None	
\\personalcloud.local\Public\K00Y (媽媽平板)\內部儲存空間\Pictures\LINE\1494833558136.jpg	2017-05-15 15:32:38	None	None	None	
\\personalcloud.local\Public\K00Y (媽媽平板)\內部儲存空間\Pictures\LINE\1494833558208.jpg	2017-05-15 15:32:38	None	None	None	
\\personalcloud.local\Public\K00Y (媽媽平板)\內部儲存空間\Pictures\LINE\1494833558310.jpg	2017-05-15 15:32:38	None	None	None	
\\personalcloud.local\Public\K00Y (媽媽平板)\內部儲存空間\Pictures\LINE\1494833558494.jpg	2017-05-15 15:32:38	None	None	None	
\\personalcloud.local\Public\K00Y (媽媽平板)\內部儲存空間\Pictures\LINE\1494833558623.jpg	2017-05-15 15:32:38	None	None	None	
\\personalcloud.local\Public\K00Y (媽媽平板)\內部儲存空間\Pictures\LINE\1494833558731.jpg	2017-05-15 15:32:38	None	None	None	
\\personalcloud.local\Public\K00Y (媽媽平板)\內部儲存空間\Pictures\LINE\1494833558909.jpg	2017-05-15 15:32:38	None	None	None	
\\personalcloud.local\Public\K00Y (媽媽平板)\內部儲存空間\Pictures\LINE\1494833559533.jpg	2017-05-15 15:32:39	None	None	None	
\\personalcloud.local\Public\K00Y (媽媽平板)\內部儲存空間\Pictures\LINE\1494833559803.jpg	2017-05-15 15:32:39	None	None	None	
\\personalcloud.local\Public\K00Y (媽媽平板)\內部儲存空間\Pictures\LINE\1494833560157.jpg	2017-05-15 15:32:40	None	None	None	
\\personalcloud.local\Public\K00Y (媽媽平板)\內部儲存空間\Pictures\LINE\1494833561854.jpg	2017-05-15 15:32:41	None	None	None	
\\personalcloud.local\Public\K00Y (媽媽平板)\內部儲存空間\Pictures\LINE\1494833562512.jpg	2017-05-15 15:32:42	None	None	None	
\\personalcloud.local\Public\K00Y (媽媽平板)\內部儲存空間\Pictures\LINE\1494833562989.jpg	2017-05-15 15:32:43	None	None	None	
\\personalcloud.local\Public\K00Y (媽媽平板)\內部儲存空間\Pictures\LINE\1494833563484.jpg	2017-05-15 15:32:43	None	None	None	
\\personalcloud.local\Public\K00Y (媽媽平板)\內部儲存空間\Pictures\LINE\1494833563722.jpg	2017-05-15 15:32:43	None	None	None	
\\personalcloud.local\Public\K00Y (媽媽平板)\內部儲存空間\Pictures\LINE\1494833563851.jpg	2017-05-15 15:32:43	None	None	None	
\\personalcloud.local\Public\K00Y (媽媽平板)\內部儲存空間\Pictures\LINE\1494833563999.jpg	2017-05-15 15:32:44	None	None	None	
\\personalcloud.local\Public\K00Y (媽媽平板)\內部儲存空間\Pictures\LINE\1494833564336.jpg	2017-05-15 15:32:44	None	None	None	
\\personalcloud.local\Public\K00Y (媽媽平板)\內部儲存空間\Pictures\LINE\1494833564455.jpg	2017-05-15 15:32:44	None	None	None	
\\personalcloud.local\Public\K00Y (媽媽平板)\內部儲存空間\Pictures\LINE\1494833564770.jpg	2017-05-15 15:32:44	None	None	None	
\\personalcloud.local\Public\K00Y (媽媽平板)\內部儲存空間\Pictures\LINE\1494833565094.jpg	2017-05-15 15:32:45	None	None	None	
\\personalcloud.local\Public\K00Y (媽媽平板)\內部儲存空間\Pictures\LINE\1494833565469.jpg	2017-05-15 15:32:45	None	None	None	
\\personalcloud.local\Public\K00Y (媽媽平板)\內部儲存空間\Pictures\LINE\1494833565916.jpg	2017-05-15 15:32:46	None	None	None	
\\personalcloud.local\Public\K00Y (媽媽平板)\內部儲存空間\Pictures\LINE\1494833566289.jpg	2017-05-15 15:32:46	None	None	None	
\\personalcloud.local\Public\K00Y (媽媽平板)\內部儲存空間\Pictures\LINE\1494833567377.jpg	2017-05-15 15:32:48	None	None	None	
\\personalcloud.local\Public\K00Y (媽媽平板)\內部儲存空間\Pictures\LINE\1494833568885.jpg	2017-05-15 15:32:49	None	None	None	
\\personalcloud.local\Public\K00Y (媽媽平板)\內部儲存空間\Pictures\LINE\1494833572805.jpg	2017-05-15 15:32:52	None	None	None	
\\personalcloud.local\Public\K00Y (媽媽平板)\內部儲存空間\Pictures\LINE\1494833573102.jpg	2017-05-15 15:32:53	None	None	None	
\\personalcloud.local\Public\K00Y (媽媽平板)\內部儲存空間\Pictures\LINE\1494833573716.jpg	2017-05-15 15:32:53	None	None	None	
\\personalcloud.local\Public\K00Y (媽媽平板)\內部儲存空間\Pictures\LINE\1494833574119.jpg	2017-05-15 15:32:54	None	None	None	
\\personalcloud.local\Public\K00Y (媽媽平板)\內部儲存空間\Pictures\LINE\1494833574531.jpg	2017-05-15 15:32:54	None	None	None	
\\personalcloud.local\Public\K00Y (媽媽平板)\內部儲存空間\Pictures\LINE\1494833576038.jpg	2017-05-15 15:32:56	None	None	None	
\\personalcloud.local\Public\K00Y (媽媽平板)\內部儲存空間\Pictures\LINE\1494833576602.jpg	2017-05-15 15:32:56	None	None	None	
\\personalcloud.local\Public\K00Y (媽媽平板)\內部儲存空間\Pictures\LINE\1494833576952.jpg	2017-05-15 15:32:57	None	None	None	
\\personalcloud.local\Public\K00Y (媽媽平板)\內部儲存空間\Pictures\LINE\1494833577376.jpg	2017-05-15 15:32:57	None	None	None	
\\personalcloud.local\Public\K00Y (媽媽平板)\內部儲存空間\Pictures\LINE\1494833577749.jpg	2017-05-15 15:32:57	None	None	None	
\\personalcloud.local\Public\K00Y (媽媽平板)\內部儲存空間\Pictures\LINE\1494833578193.jpg	2017-05-15 15:32:58	None	None	None	
\\personalcloud.local\Public\K00Y (媽媽平板)\內部儲存空間\Pictures\LINE\1494833579576.jpg	2017-05-15 15:32:59	None	None	None	
\\personalcloud.local\Public\K00Y (媽媽平板)\內部儲存空間\Pictures\LINE\1494833580437.jpg	2017-05-15 15:33:00	None	None	None	
\\personalcloud.local\Public\K00Y (媽媽平板)\內部儲存空間\Pictures\LINE\1494833580569.jpg	2017-05-15 15:33:00	None	None	None	
\\personalcloud.local\Public\K00Y (媽媽平板)\內部儲存空間\Pictures\LINE\1494833580708.jpg	2017-05-15 15:33:00	None	None	None	
\\personalcloud.local\Public\K00Y (媽媽平板)\內部儲存空間\Pictures\LINE\1494833580824.jpg	2017-05-15 15:33:00	None	None	None	
\\personalcloud.local\Public\K00Y (媽媽平板)\內部儲存空間\Pictures\LINE\1494833580953.jpg	2017-05-15 15:33:00	None	None	None	
\\personalcloud.local\Public\K00Y (媽媽平板)\內部儲存空間\Pictures\LINE\1494833581106.jpg	2017-05-15 15:33:01	None	None	None	
\\personalcloud.local\Public\K00Y (媽媽平板)\內部儲存空間\Pictures\LINE\1494833581212.jpg	2017-05-15 15:33:01	None	None	None	
\\personalcloud.local\Public\K00Y (媽媽平板)\內部儲存空間\Pictures\LINE\1494833581349.jpg	2017-05-15 15:33:01	None	None	None	
\\personalcloud.local\Public\K00Y (媽媽平板)\內部儲存空間\Pictures\LINE\1494833581460.jpg	2017-05-15 15:33:01	None	None	None	
\\personalcloud.local\Public\K00Y (媽媽平板)\內部儲存空間\Pictures\LINE\1494833581531.jpg	2017-05-15 15:33:01	None	None	None	
\\personalcloud.local\Public\K00Y (媽媽平板)\內部儲存空間\Pictures\LINE\1494833581599.jpg	2017-05-15 15:33:01	None	None	None	
\\personalcloud.local\Public\K00Y (媽媽平板)\內部儲存空間\Pictures\LINE\1494833581676.jpg	2017-05-15 15:33:01	None	None	None	
\\personalcloud.local\Public\K00Y (媽媽平板)\內部儲存空間\Pictures\LINE\1494833581839.jpg	2017-05-15 15:33:01	None	None	None	
\\personalcloud.local\Public\K00Y (媽媽平板)\內部儲存空間\Pictures\LINE\1494833581927.jpg	2017-05-15 15:33:01	None	None	None	
\\personalcloud.local\Public\K00Y (媽媽平板)\內部儲存空間\Pictures\LINE\1494833582096.jpg	2017-05-15 15:33:02	None	None	None	
\\personalcloud.local\Public\K00Y (媽媽平板)\內部儲存空間\Pictures\LINE\1494833582194.jpg	2017-05-15 15:33:02	None	None	None	
\\personalcloud.local\Public\K00Y (媽媽平板)\內部儲存空間\Pictures\LINE\1494833582256.jpg	2017-05-15 15:33:02	None	None	None	
\\personalcloud.local\Public\K00Y (媽媽平板)\內部儲存空間\Pictures\LINE\1494833582528.jpg	2017-05-15 15:33:02	None	None	None	
\\personalcloud.local\Public\K00Y (媽媽平板)\內部儲存空間\Pictures\LINE\1494833582741.jpg	2017-05-15 15:33:02	None	None	None	
\\personalcloud.local\Public\K00Y (媽媽平板)\內部儲存空間\Pictures\LINE\1494833582832.jpg	2017-05-15 15:33:02	None	None	None	
\\personalcloud.local\Public\K00Y (媽媽平板)\內部儲存空間\Pictures\LINE\1494833582977.jpg	2017-05-15 15:33:02	None	None	None	
\\personalcloud.local\Public\K00Y (媽媽平板)\內部儲存空間\Pictures\LINE\1494833583048.jpg	2017-05-15 15:33:03	None	None	None	
\\personalcloud.local\Public\K00Y (媽媽平板)\內部儲存空間\Pictures\LINE\1494833583146.jpg	2017-05-15 15:33:03	None	None	None	
\\personalcloud.local\Public\K00Y (媽媽平板)\內部儲存空間\Pictures\LINE\1494833583259.jpg	2017-05-15 15:33:03	None	None	None	
\\personalcloud.local\Public\K00Y (媽媽平板)\內部儲存空間\Pictures\LINE\1494833583415.jpg	2017-05-15 15:33:03	None	None	None	
\\personalcloud.local\Public\K00Y (媽媽平板)\內部儲存空間\Pictures\LINE\1494833583542.jpg	2017-05-15 15:33:03	None	None	None	
\\personalcloud.local\Public\K00Y (媽媽平板)\內部儲存空間\Pictures\LINE\1494833583734.jpg	2017-05-15 15:33:03	None	None	None	
\\personalcloud.local\Public\K00Y (媽媽平板)\內部儲存空間\Pictures\LINE\1494833583885.jpg	2017-05-15 15:33:03	None	None	None	
\\personalcloud.local\Public\K00Y (媽媽平板)\內部儲存空間\Pictures\LINE\1494833583995.jpg	2017-05-15 15:33:04	None	None	None	
\\personalcloud.local\Public\K00Y (媽媽平板)\內部儲存空間\Pictures\LINE\1494833584099.jpg	2017-05-15 15:33:04	None	None	None	
\\personalcloud.local\Public\K00Y (媽媽平板)\內部儲存空間\Pictures\LINE\1494833584571.jpg	2017-05-15 15:33:04	None	None	None	
\\personalcloud.local\Public\K00Y (媽媽平板)\內部儲存空間\Pictures\LINE\1494833584876.jpg	2017-05-15 15:33:04	None	None	None	
\\personalcloud.local\Public\K00Y (媽媽平板)\內部儲存空間\Pictures\LINE\1494833585181.jpg	2017-05-15 15:33:05	None	None	None	
\\personalcloud.local\Public\K00Y (媽媽平板)\內部儲存空間\Pictures\LINE\1494833587600.jpg	2017-05-15 15:33:09	None	None	None	
\\personalcloud.local\Public\K00Y (媽媽平板)\內部儲存空間\Pictures\LINE\1494833592137.jpg	2017-05-15 15:33:15	None	None	None	
\\personalcloud.local\Public\K00Y (媽媽平板)\內部儲存空間\Pictures\LINE\1494891739233.jpg	2017-05-16 07:42:19	None	None	None	
\\personalcloud.local\Public\K00Y (媽媽平板)\內部儲存空間\Pictures\LINE\1494891751983.jpg	2017-05-16 07:42:32	None	None	None	
\\personalcloud.local\Public\K00Y (媽媽平板)\內部儲存空間\Pictures\LINE\1494891822158.jpg	2017-05-16 07:43:42	None	None	None	
\\personalcloud.local\Public\K00Y (媽媽平板)\內部儲存空間\Pictures\LINE\1494891831117.jpg	2017-05-16 07:43:51	None	None	None	
\\personalcloud.local\Public\K00Y (媽媽平板)\內部儲存空間\Pictures\LINE\1494891843837.jpg	2017-05-16 07:44:03	None	None	None	
\\personalcloud.local\Public\K00Y (媽媽平板)\內部儲存空間\Pictures\LINE\1496138812061.jpg	2017-05-30 18:06:52	None	None	None	
\\personalcloud.local\Public\K00Y (媽媽平板)\內部儲存空間\Pictures\LINE\1496474435383.jpg	2017-06-03 15:20:35	None	None	None	
\\personalcloud.local\Public\K00Y (媽媽平板)\內部儲存空間\Pictures\LINE\1498364599525.jpg	2017-06-25 12:23:19	None	None	None	
\\personalcloud.local\Public\K00Y (媽媽平板)\內部儲存空間\Android\data\com.cleanmaster.mguard\files\Download\splashicon-1.jpeg	2017-05-15 15:29:54	None	None	None	
\\personalcloud.local\Public\K00Y (媽媽平板)\內部儲存空間\Android\data\com.cleanmaster.mguard\files\Download\splashicon-2.jpeg	2017-05-15 15:29:56	None	None	None	
\\personalcloud.local\Public\K00Y (媽媽平板)\內部儲存空間\Android\data\com.cleanmaster.mguard\files\Download\splashicon.jpeg	2016-10-05 16:45:45	None	None	None	
\\personalcloud.local\Public\K00Y (媽媽平板)\內部儲存空間\Android\data\com.cleanmaster.mguard\files\Download\splashiconbutton.png	2017-05-15 15:29:54	None	None	None	
